This file contains any messages produced by compilers while
running configure, to aid debugging if configure makes a mistake.

It was created by curl configure -, which was
generated by GNU Autoconf 2.71.  Invocation command line was

  $ ./configure

## --------- ##
## Platform. ##
## --------- ##

hostname = DESKTOP-VD0B39F
uname -m = x86_64
uname -r = 3.1.7-340.x86_64
uname -s = MINGW64_NT-10.0-19042
uname -v = 2020-10-23 13:08 UTC

/usr/bin/uname -p = unknown
/bin/uname -X     = unknown

/bin/arch              = x86_64
/usr/bin/arch -k       = unknown
/usr/convex/getsysinfo = unknown
/usr/bin/hostinfo      = unknown
/bin/machine           = unknown
/usr/bin/oslevel       = unknown
/bin/universe          = unknown

PATH: /c/Users/mario/bin/
PATH: /mingw64/bin/
PATH: /usr/local/bin/
PATH: /usr/bin/
PATH: /bin/
PATH: /mingw64/bin/
PATH: /usr/bin/
PATH: /c/Users/mario/bin/
PATH: /c/Program Files (x86)/NVIDIA Corporation/PhysX/Common/
PATH: /c/Windows/system32/
PATH: /c/Windows/
PATH: /c/Windows/System32/Wbem/
PATH: /c/Windows/System32/WindowsPowerShell/v1.0/
PATH: /c/Windows/System32/OpenSSH/
PATH: /d/Program Files/Polyspace/R2019a/runtime/win64/
PATH: /d/Program Files/Polyspace/R2019a/bin/
PATH: /d/Program Files/Polyspace/R2019a/polyspace/bin/
PATH: /c/Program Files/Microsoft SQL Server/Client SDK/ODBC/110/Tools/Binn/
PATH: /c/Program Files (x86)/Microsoft SQL Server/120/Tools/Binn/
PATH: /c/Program Files/Microsoft SQL Server/120/Tools/Binn/
PATH: /c/Program Files/Microsoft SQL Server/120/DTS/Binn/
PATH: /c/Program Files (x86)/Windows Kits/8.1/Windows Performance Toolkit/
PATH: /c/Program Files/NVIDIA Corporation/NVIDIA NvDLISR/
PATH: /c/WINDOWS/system32/
PATH: /c/WINDOWS/
PATH: /c/WINDOWS/System32/Wbem/
PATH: /c/WINDOWS/System32/WindowsPowerShell/v1.0/
PATH: /c/WINDOWS/System32/OpenSSH/
PATH: /d/Program Files/PuTTY/
PATH: /c/Program Files/nodejs/
PATH: /c/Program Files/dotnet/
PATH: /cmd/
PATH: /c/MinGW/bin/
PATH: /d/ProgramCC/Files/
PATH: /c/Users/mario/AppData/Local/Programs/Python/Python38-32/Scripts/
PATH: /c/Users/mario/AppData/Local/Programs/Python/Python38-32/
PATH: /c/Users/mario/AppData/Local/Microsoft/WindowsApps/
PATH: /c/Users/mario/AppData/Local/GitHubDesktop/bin/
PATH: /c/Users/mario/AppData/Local/Microsoft/WindowsApps/
PATH: /c/Users/mario/AppData/Roaming/npm/
PATH: /c/Users/mario/AppData/Local/Programs/Microsoft VS Code/bin/
PATH: /c/Users/mario/.dotnet/tools/
PATH: /c/Program Files (x86)/Nmap/
PATH: /d/Program Files/heroku/bin/
PATH: /usr/bin/vendor_perl/
PATH: /usr/bin/core_perl/


## ----------- ##
## Core tests. ##
## ----------- ##

configure:3289: looking for aux files: ltmain.sh config.guess config.sub missing compile install-sh
configure:3302:  trying ./
configure:3331:   ./ltmain.sh found
configure:3331:   ./config.guess found
configure:3331:   ./config.sub found
configure:3331:   ./missing found
configure:3331:   ./compile found
configure:3313:   ./install-sh found
configure:3457: checking whether to enable maintainer-specific portions of Makefiles
configure:3467: result: no
configure:3492: checking whether make supports nested variables
configure:3510: result: no
configure:3523: checking whether to enable debug build options
configure:3546: result: no
configure:3550: checking whether to enable compiler optimizer
configure:3572: result: (assumed) yes
configure:3584: checking whether to enable strict compiler warnings
configure:3604: result: no
configure:3608: checking whether to enable compiler warnings as errors
configure:3628: result: no
configure:3632: checking whether to enable curl debug memory tracking
configure:3655: result: no
configure:3672: checking whether to enable hiding of library internal symbols
configure:3689: result: yes
configure:3700: checking whether to enable c-ares for DNS lookups
configure:3723: result: no
configure:3727: checking whether to disable dependency on -lrt
configure:3744: result: (assumed no)
configure:3755: checking whether to enable ECH support
configure:3774: result: no
configure:3805: checking for path separator
configure:3807: result: :
configure:3827: checking for sed
configure:3851: found /usr/bin/sed
configure:3864: result: /usr/bin/sed
configure:3881: checking for grep
configure:3905: found /usr/bin/grep
configure:3918: result: /usr/bin/grep
configure:3934: checking for egrep
configure:3937: result: /usr/bin/grep -E
configure:4047: checking for ar
configure:4071: found /c/MinGW/bin/ar
configure:4083: result: /c/MinGW/bin/ar
configure:4304: checking for a BSD-compatible install
configure:4377: result: /usr/bin/install -c
configure:4454: checking for gcc
configure:4475: found /c/MinGW/bin/gcc
configure:4486: result: gcc
configure:4839: checking for C compiler version
configure:4848: gcc --version >&5
gcc.exe (MinGW.org GCC Build-2) 9.2.0
Copyright (C) 2019 Free Software Foundation, Inc.
This is free software; see the source for copying conditions.  There is NO
warranty; not even for MERCHANTABILITY or FITNESS FOR A PARTICULAR PURPOSE.

configure:4859: $? = 0
configure:4848: gcc -v >&5
Using built-in specs.
COLLECT_GCC=C:\MinGW\bin\gcc.exe
COLLECT_LTO_WRAPPER=c:/mingw/bin/../libexec/gcc/mingw32/9.2.0/lto-wrapper.exe
Target: mingw32
Configured with: ../src/gcc-9.2.0/configure --build=x86_64-pc-linux-gnu --host=mingw32 --target=mingw32 --disable-win32-registry --with-arch=i586 --with-tune=generic --enable-static --enable-shared --enable-threads --enable-languages=c,c++,objc,obj-c++,fortran,ada --with-dwarf2 --disable-sjlj-exceptions --enable-version-specific-runtime-libs --enable-libgomp --disable-libvtv --with-libiconv-prefix=/mingw --with-libintl-prefix=/mingw --enable-libstdcxx-debug --disable-build-format-warnings --prefix=/mingw --with-gmp=/mingw --with-mpfr=/mingw --with-mpc=/mingw --with-isl=/mingw --enable-nls --with-pkgversion='MinGW.org GCC Build-2'
Thread model: win32
gcc version 9.2.0 (MinGW.org GCC Build-2) 
configure:4859: $? = 0
configure:4848: gcc -V >&5
gcc.exe: error: unrecognized command line option '-V'
gcc.exe: fatal error: no input files
compilation terminated.
configure:4859: $? = 1
configure:4848: gcc -qversion >&5
gcc.exe: error: unrecognized command line option '-qversion'; did you mean '--version'?
gcc.exe: fatal error: no input files
compilation terminated.
configure:4859: $? = 1
configure:4848: gcc -version >&5
gcc.exe: error: unrecognized command line option '-version'
gcc.exe: fatal error: no input files
compilation terminated.
configure:4859: $? = 1
configure:4878: checking whether the C compiler works
configure:4900: gcc    conftest.c  >&5
configure:4904: $? = 0
configure:4954: result: yes
configure:4957: checking for C compiler default output file name
configure:4959: result: a.exe
configure:4965: checking for suffix of executables
configure:4972: gcc -o conftest.exe    conftest.c  >&5
configure:4976: $? = 0
configure:4999: result: .exe
configure:5020: checking whether we are cross compiling
configure:5028: gcc -o conftest.exe    conftest.c  >&5
configure:5032: $? = 0
configure:5039: ./conftest.exe
configure:5043: $? = 0
configure:5058: result: no
configure:5063: checking for suffix of object files
configure:5085: gcc -c   conftest.c >&5
configure:5089: $? = 0
configure:5111: result: o
configure:5115: checking whether the compiler supports GNU C
configure:5134: gcc -c   conftest.c >&5
configure:5134: $? = 0
configure:5144: result: yes
configure:5155: checking whether gcc accepts -g
configure:5175: gcc -c -g  conftest.c >&5
configure:5175: $? = 0
configure:5217: result: yes
configure:5237: checking for gcc option to enable C11 features
configure:5252: gcc  -c -g -O2  conftest.c >&5
configure:5252: $? = 0
configure:5270: result: none needed
configure:5386: checking whether gcc understands -c and -o together
configure:5408: gcc -c conftest.c -o conftest2.o
configure:5411: $? = 0
configure:5408: gcc -c conftest.c -o conftest2.o
configure:5411: $? = 0
configure:5423: result: yes
configure:5446: checking how to run the C preprocessor
configure:5472: gcc -E  conftest.c
configure:5472: $? = 0
configure:5487: gcc -E  conftest.c
conftest.c:9:10: fatal error: ac_nonexistent.h: No such file or directory
    9 | #include <ac_nonexistent.h>
      |          ^~~~~~~~~~~~~~~~~~
compilation terminated.
configure:5487: $? = 1
configure: failed program was:
| /* confdefs.h */
| #define PACKAGE_NAME "curl"
| #define PACKAGE_TARNAME "curl"
| #define PACKAGE_VERSION "-"
| #define PACKAGE_STRING "curl -"
| #define PACKAGE_BUGREPORT "a suitable curl mailing list: https://curl.se/mail/"
| #define PACKAGE_URL ""
| /* end confdefs.h.  */
| #include <ac_nonexistent.h>
configure:5514: result: gcc -E
configure:5528: gcc -E  conftest.c
configure:5528: $? = 0
configure:5543: gcc -E  conftest.c
conftest.c:9:10: fatal error: ac_nonexistent.h: No such file or directory
    9 | #include <ac_nonexistent.h>
      |          ^~~~~~~~~~~~~~~~~~
compilation terminated.
configure:5543: $? = 1
configure: failed program was:
| /* confdefs.h */
| #define PACKAGE_NAME "curl"
| #define PACKAGE_TARNAME "curl"
| #define PACKAGE_VERSION "-"
| #define PACKAGE_STRING "curl -"
| #define PACKAGE_BUGREPORT "a suitable curl mailing list: https://curl.se/mail/"
| #define PACKAGE_URL ""
| /* end confdefs.h.  */
| #include <ac_nonexistent.h>
configure:5585: checking for a sed that does not truncate output
configure:5655: result: /usr/bin/sed
configure:5663: checking for code coverage support
configure:5679: result: no
configure:5844: checking whether build environment is sane
configure:5899: result: yes
configure:6054: checking for a race-free mkdir -p
configure:6098: result: /usr/bin/mkdir -p
configure:6105: checking for gawk
configure:6126: found /usr/bin/gawk
configure:6137: result: gawk
configure:6148: checking whether make sets $(MAKE)
configure:6175: result: no
configure:6193: checking whether make supports the include directive
configure:6208: make -f confmf.GNU && cat confinc.out
./configure: line 6209: make: command not found
configure:6211: $? = 127
configure:6208: make -f confmf.BSD && cat confinc.out
./configure: line 6209: make: command not found
configure:6211: $? = 127
configure:6230: result: no
configure:6327: checking dependency style of gcc
configure:6439: result: none
configure:6516: checking curl version
configure:6518: result: 7.80.0
configure:6713: error: select TLS backend(s) or disable TLS with --without-ssl.

Select from these:

  --with-amissl
  --with-bearssl
  --with-gnutls
  --with-mbedtls
  --with-mesalink
  --with-nss
  --with-openssl (also works for BoringSSL and libressl)
  --with-rustls
  --with-schannel
  --with-secure-transport
  --with-wolfssl


## ---------------- ##
## Cache variables. ##
## ---------------- ##

ac_cv_c_compiler_gnu=yes
ac_cv_env_CC_set=
ac_cv_env_CC_value=
ac_cv_env_CFLAGS_set=
ac_cv_env_CFLAGS_value=
ac_cv_env_CPPFLAGS_set=
ac_cv_env_CPPFLAGS_value=
ac_cv_env_CPP_set=
ac_cv_env_CPP_value=
ac_cv_env_LDFLAGS_set=
ac_cv_env_LDFLAGS_value=
ac_cv_env_LIBS_set=
ac_cv_env_LIBS_value=
ac_cv_env_LT_SYS_LIBRARY_PATH_set=
ac_cv_env_LT_SYS_LIBRARY_PATH_value=
ac_cv_env_build_alias_set=
ac_cv_env_build_alias_value=
ac_cv_env_host_alias_set=
ac_cv_env_host_alias_value=
ac_cv_env_target_alias_set=
ac_cv_env_target_alias_value=
ac_cv_exeext=.exe
ac_cv_objext=o
ac_cv_path_GREP=/usr/bin/grep
ac_cv_path_SED=/usr/bin/sed
ac_cv_path_ac_pt_AR=/c/MinGW/bin/ar
ac_cv_path_install='/usr/bin/install -c'
ac_cv_path_mkdir=/usr/bin/mkdir
ac_cv_prog_AWK=gawk
ac_cv_prog_CPP='gcc -E'
ac_cv_prog_ac_ct_CC=gcc
ac_cv_prog_cc_c11=
ac_cv_prog_cc_g=yes
ac_cv_prog_cc_stdc=
ac_cv_prog_make_make_set=no
am_cv_CC_dependencies_compiler_type=none
am_cv_make_support_nested_variables=no
am_cv_prog_cc_c_o=yes

## ----------------- ##
## Output variables. ##
## ----------------- ##

ACLOCAL='${SHELL} '\''/c/Users/mario/Documents/UNCuyo/Por Cursar/POO/Proyecto Libre/prog/prueba xml/curl-7.80.0/missing'\'' aclocal-1.16'
AMDEPBACKSLASH='\'
AMDEP_FALSE='#'
AMDEP_TRUE=''
AMTAR='$${TAR-tar}'
AM_BACKSLASH='\'
AM_DEFAULT_V='0'
AM_DEFAULT_VERBOSITY='0'
AM_V='0'
AR='/c/MinGW/bin/ar'
AR_FLAGS=''
AS=''
AUTOCONF='${SHELL} '\''/c/Users/mario/Documents/UNCuyo/Por Cursar/POO/Proyecto Libre/prog/prueba xml/curl-7.80.0/missing'\'' autoconf'
AUTOHEADER='${SHELL} '\''/c/Users/mario/Documents/UNCuyo/Por Cursar/POO/Proyecto Libre/prog/prueba xml/curl-7.80.0/missing'\'' autoheader'
AUTOMAKE='${SHELL} '\''/c/Users/mario/Documents/UNCuyo/Por Cursar/POO/Proyecto Libre/prog/prueba xml/curl-7.80.0/missing'\'' automake-1.16'
AWK='gawk'
BLANK_AT_MAKETIME=''
BUILD_LIBHOSTNAME_FALSE=''
BUILD_LIBHOSTNAME_TRUE=''
BUILD_STUB_GSS_FALSE=''
BUILD_STUB_GSS_TRUE=''
BUILD_UNITTESTS_FALSE=''
BUILD_UNITTESTS_TRUE=''
CC='gcc'
CCDEPMODE='depmode=none'
CFLAGS=''
CFLAG_CURL_SYMBOL_HIDING=''
CONFIGURE_OPTIONS='""'
CPP='gcc -E'
CPPFLAGS=''
CPPFLAG_CURL_STATICLIB=''
CROSSCOMPILING_FALSE=''
CROSSCOMPILING_TRUE=''
CSCOPE='cscope'
CTAGS='ctags'
CURLDEBUG_FALSE=''
CURLDEBUG_TRUE=''
CURLVERSION='7.80.0'
CURL_CA_BUNDLE=''
CURL_CFLAG_EXTRAS=''
CURL_DISABLE_DICT=''
CURL_DISABLE_FILE=''
CURL_DISABLE_FTP=''
CURL_DISABLE_GOPHER=''
CURL_DISABLE_HTTP=''
CURL_DISABLE_IMAP=''
CURL_DISABLE_LDAP=''
CURL_DISABLE_LDAPS=''
CURL_DISABLE_MQTT=''
CURL_DISABLE_POP3=''
CURL_DISABLE_PROXY=''
CURL_DISABLE_RTSP=''
CURL_DISABLE_SMB=''
CURL_DISABLE_SMTP=''
CURL_DISABLE_TELNET=''
CURL_DISABLE_TFTP=''
CURL_LT_SHLIB_USE_MIMPURE_TEXT_FALSE=''
CURL_LT_SHLIB_USE_MIMPURE_TEXT_TRUE=''
CURL_LT_SHLIB_USE_NO_UNDEFINED_FALSE=''
CURL_LT_SHLIB_USE_NO_UNDEFINED_TRUE=''
CURL_LT_SHLIB_USE_VERSIONED_SYMBOLS_FALSE=''
CURL_LT_SHLIB_USE_VERSIONED_SYMBOLS_TRUE=''
CURL_LT_SHLIB_USE_VERSION_INFO_FALSE=''
CURL_LT_SHLIB_USE_VERSION_INFO_TRUE=''
CURL_LT_SHLIB_VERSIONED_FLAVOUR=''
CURL_NETWORK_AND_TIME_LIBS=''
CURL_NETWORK_LIBS=''
CURL_WITH_MULTI_SSL=''
CYGPATH_W='cygpath -w'
DEFAULT_SSL_BACKEND=''
DEFS=''
DEPDIR='.deps'
DLLTOOL=''
DOING_CURL_SYMBOL_HIDING_FALSE=''
DOING_CURL_SYMBOL_HIDING_TRUE=''
DOING_NATIVE_WINDOWS_FALSE=''
DOING_NATIVE_WINDOWS_TRUE=''
DSYMUTIL=''
DUMPBIN=''
ECHO_C=''
ECHO_N='-n'
ECHO_T=''
EGREP='/usr/bin/grep -E'
ENABLE_SHARED=''
ENABLE_STATIC=''
ETAGS='etags'
EXEEXT='.exe'
FGREP=''
FISH_FUNCTIONS_DIR=''
GCOV=''
GREP='/usr/bin/grep'
HAVE_BROTLI=''
HAVE_GNUTLS_SRP=''
HAVE_LDAP_SSL=''
HAVE_LIBZ=''
HAVE_LIBZ_FALSE=''
HAVE_LIBZ_TRUE=''
HAVE_OPENSSL_SRP=''
HAVE_PROTO_BSDSOCKET_H=''
HAVE_ZSTD=''
IDN_ENABLED=''
INSTALL_DATA='${INSTALL} -m 644'
INSTALL_PROGRAM='${INSTALL}'
INSTALL_SCRIPT='${INSTALL}'
INSTALL_STRIP_PROGRAM='$(install_sh) -c -s'
IPV6_ENABLED=''
LCOV=''
LD=''
LDFLAGS=''
LIBCURL_LIBS=''
LIBCURL_NO_SHARED=''
LIBOBJS=''
LIBS=''
LIBTOOL=''
LIPO=''
LN_S=''
LTLIBOBJS=''
LT_SYS_LIBRARY_PATH=''
MAINT='#'
MAINTAINER_MODE_FALSE=''
MAINTAINER_MODE_TRUE='#'
MAKEINFO='${SHELL} '\''/c/Users/mario/Documents/UNCuyo/Por Cursar/POO/Proyecto Libre/prog/prueba xml/curl-7.80.0/missing'\'' makeinfo'
MANIFEST_TOOL=''
MANOPT=''
MKDIR_P='/usr/bin/mkdir -p'
NM=''
NMEDIT=''
NROFF=''
NSS_LIBS=''
OBJDUMP=''
OBJEXT='o'
OTOOL64=''
OTOOL=''
PACKAGE='curl'
PACKAGE_BUGREPORT='a suitable curl mailing list: https://curl.se/mail/'
PACKAGE_NAME='curl'
PACKAGE_STRING='curl -'
PACKAGE_TARNAME='curl'
PACKAGE_URL=''
PACKAGE_VERSION='-'
PATH_SEPARATOR=':'
PERL=''
PKGADD_NAME='curl - a client that groks URLs'
PKGADD_PKG='HAXXcurl'
PKGADD_VENDOR='curl.se'
PKGCONFIG=''
RANDOM_FILE=''
RANLIB=''
REQUIRE_LIB_DEPS=''
SED='/usr/bin/sed'
SET_MAKE='MAKE=make'
SHELL='/bin/sh'
SSL_BACKENDS=''
SSL_ENABLED=''
SSL_LIBS=''
STRIP=''
SUPPORT_FEATURES=''
SUPPORT_PROTOCOLS=''
USE_ARES=''
USE_BEARSSL=''
USE_CPPFLAG_CURL_STATICLIB_FALSE=''
USE_CPPFLAG_CURL_STATICLIB_TRUE=''
USE_EMBEDDED_ARES_FALSE=''
USE_EMBEDDED_ARES_TRUE=''
USE_EXPLICIT_LIB_DEPS_FALSE=''
USE_EXPLICIT_LIB_DEPS_TRUE=''
USE_GNUTLS=''
USE_GSASL_FALSE=''
USE_GSASL_TRUE=''
USE_HYPER=''
USE_LIBPSL_FALSE=''
USE_LIBPSL_TRUE=''
USE_LIBRTMP=''
USE_LIBSSH2=''
USE_LIBSSH=''
USE_MANUAL_FALSE=''
USE_MANUAL_TRUE=''
USE_MBEDTLS=''
USE_MESALINK=''
USE_NGHTTP2=''
USE_NGHTTP3=''
USE_NGTCP2=''
USE_NGTCP2_CRYPTO_GNUTLS=''
USE_NGTCP2_CRYPTO_OPENSSL=''
USE_NSS=''
USE_OPENLDAP=''
USE_QUICHE=''
USE_RUSTLS=''
USE_SCHANNEL=''
USE_SECTRANSP=''
USE_UNIX_SOCKETS=''
USE_WIN32_CRYPTO=''
USE_WIN32_LARGE_FILES=''
USE_WIN32_SMALL_FILES=''
USE_WINDOWS_SSPI=''
USE_WOLFSSH=''
USE_WOLFSSL=''
VERSION='-'
VERSIONNUM='075000'
ZLIB_LIBS=''
ZSH_FUNCTIONS_DIR=''
ac_ct_AR=''
ac_ct_CC='gcc'
ac_ct_DUMPBIN=''
am__EXEEXT_FALSE=''
am__EXEEXT_TRUE=''
am__fastdepCC_FALSE=''
am__fastdepCC_TRUE='#'
am__include='#'
am__isrc=''
am__leading_dot='.'
am__nodep='_no'
am__quote=''
am__tar='$${TAR-tar} chof - "$$tardir"'
am__untar='$${TAR-tar} xf -'
bindir='${exec_prefix}/bin'
build=''
build_alias=''
build_cpu=''
build_os=''
build_vendor=''
datadir='${datarootdir}'
datarootdir='${prefix}/share'
docdir='${datarootdir}/doc/${PACKAGE_TARNAME}'
dvidir='${docdir}'
exec_prefix='NONE'
host=''
host_alias=''
host_cpu=''
host_os=''
host_vendor=''
htmldir='${docdir}'
includedir='${prefix}/include'
infodir='${datarootdir}/info'
install_sh='${SHELL} '\''/c/Users/mario/Documents/UNCuyo/Por Cursar/POO/Proyecto Libre/prog/prueba xml/curl-7.80.0/install-sh'\'''
libdir='${exec_prefix}/lib'
libexecdir='${exec_prefix}/libexec'
libext=''
localedir='${datarootdir}/locale'
localstatedir='${prefix}/var'
mandir='${datarootdir}/man'
mkdir_p='$(MKDIR_P)'
oldincludedir='/usr/include'
pdfdir='${docdir}'
prefix='NONE'
program_transform_name='s,x,x,'
psdir='${docdir}'
runstatedir='${localstatedir}/run'
sbindir='${exec_prefix}/sbin'
sharedstatedir='${prefix}/com'
subdirs=''
sysconfdir='${prefix}/etc'
target_alias=''

## ----------- ##
## confdefs.h. ##
## ----------- ##

/* confdefs.h */
#define PACKAGE_NAME "curl"
#define PACKAGE_TARNAME "curl"
#define PACKAGE_VERSION "-"
#define PACKAGE_STRING "curl -"
#define PACKAGE_BUGREPORT "a suitable curl mailing list: https://curl.se/mail/"
#define PACKAGE_URL ""
#define PACKAGE "curl"
#define VERSION "-"

configure: exit 1
