This file contains any messages produced by compilers while
running configure, to aid debugging if configure makes a mistake.

It was created by configure, which was
generated by GNU Autoconf 2.69.  Invocation command line was

  $ ./configure 

## --------- ##
## Platform. ##
## --------- ##

hostname = DESKTOP-VD0B39F
uname -m = x86_64
uname -r = 3.1.7-340.x86_64
uname -s = MINGW64_NT-10.0-19042
uname -v = 2020-10-23 13:08 UTC

/usr/bin/uname -p = unknown
/bin/uname -X     = unknown

/bin/arch              = x86_64
/usr/bin/arch -k       = unknown
/usr/convex/getsysinfo = unknown
/usr/bin/hostinfo      = unknown
/bin/machine           = unknown
/usr/bin/oslevel       = unknown
/bin/universe          = unknown

PATH: /c/Users/mario/bin
PATH: /mingw64/bin
PATH: /usr/local/bin
PATH: /usr/bin
PATH: /bin
PATH: /mingw64/bin
PATH: /usr/bin
PATH: /c/Users/mario/bin
PATH: /c/Program Files (x86)/NVIDIA Corporation/PhysX/Common
PATH: /c/Windows/system32
PATH: /c/Windows
PATH: /c/Windows/System32/Wbem
PATH: /c/Windows/System32/WindowsPowerShell/v1.0
PATH: /c/Windows/System32/OpenSSH
PATH: /d/Program Files/Polyspace/R2019a/runtime/win64
PATH: /d/Program Files/Polyspace/R2019a/bin
PATH: /d/Program Files/Polyspace/R2019a/polyspace/bin
PATH: /c/Program Files/Microsoft SQL Server/Client SDK/ODBC/110/Tools/Binn
PATH: /c/Program Files (x86)/Microsoft SQL Server/120/Tools/Binn
PATH: /c/Program Files/Microsoft SQL Server/120/Tools/Binn
PATH: /c/Program Files/Microsoft SQL Server/120/DTS/Binn
PATH: /c/Program Files (x86)/Windows Kits/8.1/Windows Performance Toolkit
PATH: /c/Program Files/NVIDIA Corporation/NVIDIA NvDLISR
PATH: /c/WINDOWS/system32
PATH: /c/WINDOWS
PATH: /c/WINDOWS/System32/Wbem
PATH: /c/WINDOWS/System32/WindowsPowerShell/v1.0
PATH: /c/WINDOWS/System32/OpenSSH
PATH: /d/Program Files/PuTTY
PATH: /c/Program Files/nodejs
PATH: /c/Program Files/dotnet
PATH: /cmd
PATH: /c/MinGW/bin
PATH: /d/ProgramCC/Files
PATH: /c/Users/mario/AppData/Local/Programs/Python/Python38-32/Scripts
PATH: /c/Users/mario/AppData/Local/Programs/Python/Python38-32
PATH: /c/Users/mario/AppData/Local/Microsoft/WindowsApps
PATH: /c/Users/mario/AppData/Local/GitHubDesktop/bin
PATH: /c/Users/mario/AppData/Local/Microsoft/WindowsApps
PATH: /c/Users/mario/AppData/Roaming/npm
PATH: /c/Users/mario/AppData/Local/Programs/Microsoft VS Code/bin
PATH: /c/Users/mario/.dotnet/tools
PATH: /c/Program Files (x86)/Nmap
PATH: /d/Program Files/heroku/bin
PATH: /usr/bin/vendor_perl
PATH: /usr/bin/core_perl


## ----------- ##
## Core tests. ##
## ----------- ##

configure:2359: checking for a BSD-compatible install
configure:2427: result: /usr/bin/install -c
configure:2438: checking whether build environment is sane
configure:2475: result: yes
configure:2487: checking whether make sets $(MAKE)
configure:2513: result: no
configure:2539: checking for working aclocal
configure:2550: result: missing
configure:2554: checking for working autoconf
configure:2565: result: missing
configure:2569: checking for working automake
configure:2580: result: missing
configure:2584: checking for working autoheader
configure:2595: result: missing
configure:2599: checking for working makeinfo
configure:2610: result: missing
configure:2620: checking build system type
configure:2634: result: x86_64-pc-mingw32
configure:2654: checking host system type
configure:2667: result: x86_64-pc-mingw32
configure:2702: checking for wininet-config
configure:2730: result: no
configure:2739: You don't appear to have Wininet installed (no working wininet-config in your command search path), so we will not build the Wininet client XML transport
configure:2749: checking whether to build Wininet client XML transport module
configure:2751: result: no
configure:2767: checking for curl-config
configure:2795: result: no
configure:2804: You don't appear to have Curl installed (no working curl-config in your command search path), so we will not build the Curl client XML transport
configure:2814: checking whether to build Curl client XML transport module
configure:2816: result: no
configure:2832: checking for libwww-config
configure:2860: result: no
configure:2869: You don't appear to have Libwww installed (no working libwww-config in your command search path), so we will not build the Libwww client XML transport
configure:2879: checking whether to build Libwww client XML transport module
configure:2881: result: no
configure:2939: checking for gcc
configure:2955: found /c/MinGW/bin/gcc
configure:2966: result: gcc
configure:3195: checking for C compiler version
configure:3204: gcc --version >&5
gcc.exe (MinGW.org GCC Build-2) 9.2.0
Copyright (C) 2019 Free Software Foundation, Inc.
This is free software; see the source for copying conditions.  There is NO
warranty; not even for MERCHANTABILITY or FITNESS FOR A PARTICULAR PURPOSE.

configure:3215: $? = 0
configure:3204: gcc -v >&5
Using built-in specs.
COLLECT_GCC=C:\MinGW\bin\gcc.exe
COLLECT_LTO_WRAPPER=c:/mingw/bin/../libexec/gcc/mingw32/9.2.0/lto-wrapper.exe
Target: mingw32
Configured with: ../src/gcc-9.2.0/configure --build=x86_64-pc-linux-gnu --host=mingw32 --target=mingw32 --disable-win32-registry --with-arch=i586 --with-tune=generic --enable-static --enable-shared --enable-threads --enable-languages=c,c++,objc,obj-c++,fortran,ada --with-dwarf2 --disable-sjlj-exceptions --enable-version-specific-runtime-libs --enable-libgomp --disable-libvtv --with-libiconv-prefix=/mingw --with-libintl-prefix=/mingw --enable-libstdcxx-debug --disable-build-format-warnings --prefix=/mingw --with-gmp=/mingw --with-mpfr=/mingw --with-mpc=/mingw --with-isl=/mingw --enable-nls --with-pkgversion='MinGW.org GCC Build-2'
Thread model: win32
gcc version 9.2.0 (MinGW.org GCC Build-2) 
configure:3215: $? = 0
configure:3204: gcc -V >&5
gcc.exe: error: unrecognized command line option '-V'
gcc.exe: fatal error: no input files
compilation terminated.
configure:3215: $? = 1
configure:3204: gcc -qversion >&5
gcc.exe: error: unrecognized command line option '-qversion'; did you mean '--version'?
gcc.exe: fatal error: no input files
compilation terminated.
configure:3215: $? = 1
configure:3235: checking whether the C compiler works
configure:3257: gcc    conftest.c  >&5
configure:3261: $? = 0
configure:3309: result: yes
configure:3312: checking for C compiler default output file name
configure:3314: result: a.exe
configure:3320: checking for suffix of executables
configure:3327: gcc -o conftest.exe    conftest.c  >&5
configure:3331: $? = 0
configure:3353: result: .exe
configure:3375: checking whether we are cross compiling
configure:3383: gcc -o conftest.exe    conftest.c  >&5
configure:3387: $? = 0
configure:3394: ./conftest.exe
configure:3398: $? = 0
configure:3413: result: no
configure:3418: checking for suffix of object files
configure:3440: gcc -c   conftest.c >&5
configure:3444: $? = 0
configure:3465: result: o
configure:3469: checking whether we are using the GNU C compiler
configure:3488: gcc -c   conftest.c >&5
configure:3488: $? = 0
configure:3497: result: yes
configure:3506: checking whether gcc accepts -g
configure:3526: gcc -c -g  conftest.c >&5
configure:3526: $? = 0
configure:3567: result: yes
configure:3584: checking for gcc option to accept ISO C89
configure:3647: gcc  -c -g -O2  conftest.c >&5
configure:3647: $? = 0
configure:3660: result: none needed
configure:3681: checking for main in -lncurses
configure:3700: gcc -o conftest.exe -g -O2   conftest.c -lncurses   >&5
c:/mingw/bin/../lib/gcc/mingw32/9.2.0/../../../../mingw32/bin/ld.exe: cannot find -lncurses
collect2.exe: error: ld returned 1 exit status
configure:3700: $? = 1
configure: failed program was:
| /* confdefs.h */
| #define PACKAGE_NAME ""
| #define PACKAGE_TARNAME ""
| #define PACKAGE_VERSION ""
| #define PACKAGE_STRING ""
| #define PACKAGE_BUGREPORT ""
| #define PACKAGE_URL ""
| #define PACKAGE "xmlrpc-c"
| #define VERSION "x.xx"
| /* end confdefs.h.  */
| 
| 
| int
| main ()
| {
| return main ();
|   ;
|   return 0;
| }
configure:3709: result: no
configure:3717: checking for main in -lreadline
configure:3736: gcc -o conftest.exe -g -O2   conftest.c -lreadline   >&5
c:/mingw/bin/../lib/gcc/mingw32/9.2.0/../../../../mingw32/bin/ld.exe: cannot find -lreadline
collect2.exe: error: ld returned 1 exit status
configure:3736: $? = 1
configure: failed program was:
| /* confdefs.h */
| #define PACKAGE_NAME ""
| #define PACKAGE_TARNAME ""
| #define PACKAGE_VERSION ""
| #define PACKAGE_STRING ""
| #define PACKAGE_BUGREPORT ""
| #define PACKAGE_URL ""
| #define PACKAGE "xmlrpc-c"
| #define VERSION "x.xx"
| /* end confdefs.h.  */
| 
| 
| int
| main ()
| {
| return main ();
|   ;
|   return 0;
| }
configure:3745: result: no
configure:3754: checking whether to build tools
configure:3768: result: no
configure:3807: checking whether to build Abyss server module
configure:3816: result: yes
configure:3840: checking whether to build CGI server module
configure:3849: result: yes
configure:3854: checking whether to build C++ wrappers and tools
configure:3863: result: yes
configure:3944: checking for gcc
configure:3971: result: gcc
configure:4200: checking for C compiler version
configure:4209: gcc --version >&5
gcc.exe (MinGW.org GCC Build-2) 9.2.0
Copyright (C) 2019 Free Software Foundation, Inc.
This is free software; see the source for copying conditions.  There is NO
warranty; not even for MERCHANTABILITY or FITNESS FOR A PARTICULAR PURPOSE.

configure:4220: $? = 0
configure:4209: gcc -v >&5
Using built-in specs.
COLLECT_GCC=C:\MinGW\bin\gcc.exe
COLLECT_LTO_WRAPPER=c:/mingw/bin/../libexec/gcc/mingw32/9.2.0/lto-wrapper.exe
Target: mingw32
Configured with: ../src/gcc-9.2.0/configure --build=x86_64-pc-linux-gnu --host=mingw32 --target=mingw32 --disable-win32-registry --with-arch=i586 --with-tune=generic --enable-static --enable-shared --enable-threads --enable-languages=c,c++,objc,obj-c++,fortran,ada --with-dwarf2 --disable-sjlj-exceptions --enable-version-specific-runtime-libs --enable-libgomp --disable-libvtv --with-libiconv-prefix=/mingw --with-libintl-prefix=/mingw --enable-libstdcxx-debug --disable-build-format-warnings --prefix=/mingw --with-gmp=/mingw --with-mpfr=/mingw --with-mpc=/mingw --with-isl=/mingw --enable-nls --with-pkgversion='MinGW.org GCC Build-2'
Thread model: win32
gcc version 9.2.0 (MinGW.org GCC Build-2) 
configure:4220: $? = 0
configure:4209: gcc -V >&5
gcc.exe: error: unrecognized command line option '-V'
gcc.exe: fatal error: no input files
compilation terminated.
configure:4220: $? = 1
configure:4209: gcc -qversion >&5
gcc.exe: error: unrecognized command line option '-qversion'; did you mean '--version'?
gcc.exe: fatal error: no input files
compilation terminated.
configure:4220: $? = 1
configure:4224: checking whether we are using the GNU C compiler
configure:4252: result: yes
configure:4261: checking whether gcc accepts -g
configure:4322: result: yes
configure:4339: checking for gcc option to accept ISO C89
configure:4415: result: none needed
configure:4494: checking for g++
configure:4510: found /c/MinGW/bin/g++
configure:4521: result: g++
configure:4548: checking for C++ compiler version
configure:4557: g++ --version >&5
g++.exe (MinGW.org GCC Build-2) 9.2.0
Copyright (C) 2019 Free Software Foundation, Inc.
This is free software; see the source for copying conditions.  There is NO
warranty; not even for MERCHANTABILITY or FITNESS FOR A PARTICULAR PURPOSE.

configure:4568: $? = 0
configure:4557: g++ -v >&5
Using built-in specs.
COLLECT_GCC=C:\MinGW\bin\g++.exe
COLLECT_LTO_WRAPPER=c:/mingw/bin/../libexec/gcc/mingw32/9.2.0/lto-wrapper.exe
Target: mingw32
Configured with: ../src/gcc-9.2.0/configure --build=x86_64-pc-linux-gnu --host=mingw32 --target=mingw32 --disable-win32-registry --with-arch=i586 --with-tune=generic --enable-static --enable-shared --enable-threads --enable-languages=c,c++,objc,obj-c++,fortran,ada --with-dwarf2 --disable-sjlj-exceptions --enable-version-specific-runtime-libs --enable-libgomp --disable-libvtv --with-libiconv-prefix=/mingw --with-libintl-prefix=/mingw --enable-libstdcxx-debug --disable-build-format-warnings --prefix=/mingw --with-gmp=/mingw --with-mpfr=/mingw --with-mpc=/mingw --with-isl=/mingw --enable-nls --with-pkgversion='MinGW.org GCC Build-2'
Thread model: win32
gcc version 9.2.0 (MinGW.org GCC Build-2) 
configure:4568: $? = 0
configure:4557: g++ -V >&5
g++.exe: error: unrecognized command line option '-V'
g++.exe: fatal error: no input files
compilation terminated.
configure:4568: $? = 1
configure:4557: g++ -qversion >&5
g++.exe: error: unrecognized command line option '-qversion'; did you mean '--version'?
g++.exe: fatal error: no input files
compilation terminated.
configure:4568: $? = 1
configure:4572: checking whether we are using the GNU C++ compiler
configure:4591: g++ -c   conftest.cpp >&5
configure:4591: $? = 0
configure:4600: result: yes
configure:4609: checking whether g++ accepts -g
configure:4629: g++ -c -g  conftest.cpp >&5
configure:4629: $? = 0
configure:4670: result: yes
configure:4702: checking for socket
configure:4702: gcc -o conftest.exe -g -O2   conftest.c  >&5
c:/mingw/bin/../lib/gcc/mingw32/9.2.0/../../../../mingw32/bin/ld.exe: C:\Users\mario\AppData\Local\Temp\ccaQEeX0.o: in function `main':
C:\Users\mario\Documents\UNCuyo\Por Cursar\POO\Proyecto Libre\prog\Tan-K\Cliente\xmlrpc-1.51.08/conftest.c:45: undefined reference to `socket'
collect2.exe: error: ld returned 1 exit status
configure:4702: $? = 1
configure: failed program was:
| /* confdefs.h */
| #define PACKAGE_NAME ""
| #define PACKAGE_TARNAME ""
| #define PACKAGE_VERSION ""
| #define PACKAGE_STRING ""
| #define PACKAGE_BUGREPORT ""
| #define PACKAGE_URL ""
| #define PACKAGE "xmlrpc-c"
| #define VERSION "x.xx"
| /* end confdefs.h.  */
| /* Define socket to an innocuous variant, in case <limits.h> declares socket.
|    For example, HP-UX 11i <limits.h> declares gettimeofday.  */
| #define socket innocuous_socket
| 
| /* System header to define __stub macros and hopefully few prototypes,
|     which can conflict with char socket (); below.
|     Prefer <limits.h> to <assert.h> if __STDC__ is defined, since
|     <limits.h> exists even on freestanding compilers.  */
| 
| #ifdef __STDC__
| # include <limits.h>
| #else
| # include <assert.h>
| #endif
| 
| #undef socket
| 
| /* Override any GCC internal prototype to avoid an error.
|    Use char because int might match the return type of a GCC
|    builtin and then its argument prototype would still apply.  */
| #ifdef __cplusplus
| extern "C"
| #endif
| char socket ();
| /* The GNU C library defines this for functions which it implements
|     to always fail with ENOSYS.  Some functions are actually named
|     something starting with __ and the normal name is an alias.  */
| #if defined __stub_socket || defined __stub___socket
| choke me
| #endif
| 
| int
| main ()
| {
| return socket ();
|   ;
|   return 0;
| }
configure:4702: result: no
configure:4706: checking for socket in -lsocket
configure:4731: gcc -o conftest.exe -g -O2   conftest.c -lsocket   >&5
c:/mingw/bin/../lib/gcc/mingw32/9.2.0/../../../../mingw32/bin/ld.exe: cannot find -lsocket
collect2.exe: error: ld returned 1 exit status
configure:4731: $? = 1
configure: failed program was:
| /* confdefs.h */
| #define PACKAGE_NAME ""
| #define PACKAGE_TARNAME ""
| #define PACKAGE_VERSION ""
| #define PACKAGE_STRING ""
| #define PACKAGE_BUGREPORT ""
| #define PACKAGE_URL ""
| #define PACKAGE "xmlrpc-c"
| #define VERSION "x.xx"
| /* end confdefs.h.  */
| 
| /* Override any GCC internal prototype to avoid an error.
|    Use char because int might match the return type of a GCC
|    builtin and then its argument prototype would still apply.  */
| #ifdef __cplusplus
| extern "C"
| #endif
| char socket ();
| int
| main ()
| {
| return socket ();
|   ;
|   return 0;
| }
configure:4740: result: no
configure:4777: checking how to run the C preprocessor
configure:4808: gcc -E  conftest.c
configure:4808: $? = 0
configure:4822: gcc -E  conftest.c
conftest.c:11:10: fatal error: ac_nonexistent.h: No such file or directory
   11 | #include <ac_nonexistent.h>
      |          ^~~~~~~~~~~~~~~~~~
compilation terminated.
configure:4822: $? = 1
configure: failed program was:
| /* confdefs.h */
| #define PACKAGE_NAME ""
| #define PACKAGE_TARNAME ""
| #define PACKAGE_VERSION ""
| #define PACKAGE_STRING ""
| #define PACKAGE_BUGREPORT ""
| #define PACKAGE_URL ""
| #define PACKAGE "xmlrpc-c"
| #define VERSION "x.xx"
| /* end confdefs.h.  */
| #include <ac_nonexistent.h>
configure:4847: result: gcc -E
configure:4867: gcc -E  conftest.c
configure:4867: $? = 0
configure:4881: gcc -E  conftest.c
conftest.c:11:10: fatal error: ac_nonexistent.h: No such file or directory
   11 | #include <ac_nonexistent.h>
      |          ^~~~~~~~~~~~~~~~~~
compilation terminated.
configure:4881: $? = 1
configure: failed program was:
| /* confdefs.h */
| #define PACKAGE_NAME ""
| #define PACKAGE_TARNAME ""
| #define PACKAGE_VERSION ""
| #define PACKAGE_STRING ""
| #define PACKAGE_BUGREPORT ""
| #define PACKAGE_URL ""
| #define PACKAGE "xmlrpc-c"
| #define VERSION "x.xx"
| /* end confdefs.h.  */
| #include <ac_nonexistent.h>
configure:4910: checking for grep that handles long lines and -e
configure:4968: result: /usr/bin/grep
configure:4973: checking for egrep
configure:5035: result: /usr/bin/grep -E
configure:5040: checking for ANSI C header files
configure:5060: gcc -c -g -O2  conftest.c >&5
configure:5060: $? = 0
configure:5133: gcc -o conftest.exe -g -O2   conftest.c  >&5
configure:5133: $? = 0
configure:5133: ./conftest.exe
configure:5133: $? = 0
configure:5144: result: yes
configure:5159: checking for sys/types.h
configure:5159: gcc -c -g -O2  conftest.c >&5
configure:5159: $? = 0
configure:5159: result: yes
configure:5159: checking for sys/stat.h
configure:5159: gcc -c -g -O2  conftest.c >&5
configure:5159: $? = 0
configure:5159: result: yes
configure:5159: checking for stdlib.h
configure:5159: gcc -c -g -O2  conftest.c >&5
configure:5159: $? = 0
configure:5159: result: yes
configure:5159: checking for string.h
configure:5159: gcc -c -g -O2  conftest.c >&5
configure:5159: $? = 0
configure:5159: result: yes
configure:5159: checking for memory.h
configure:5159: gcc -c -g -O2  conftest.c >&5
configure:5159: $? = 0
configure:5159: result: yes
configure:5159: checking for strings.h
configure:5159: gcc -c -g -O2  conftest.c >&5
configure:5159: $? = 0
configure:5159: result: yes
configure:5159: checking for inttypes.h
configure:5159: gcc -c -g -O2  conftest.c >&5
configure:5159: $? = 0
configure:5159: result: yes
configure:5159: checking for stdint.h
configure:5159: gcc -c -g -O2  conftest.c >&5
configure:5159: $? = 0
configure:5159: result: yes
configure:5159: checking for unistd.h
configure:5159: gcc -c -g -O2  conftest.c >&5
configure:5159: $? = 0
configure:5159: result: yes
configure:5173: checking wchar.h usability
configure:5173: gcc -c -g -O2  conftest.c >&5
configure:5173: $? = 0
configure:5173: result: yes
configure:5173: checking wchar.h presence
configure:5173: gcc -E  conftest.c
configure:5173: $? = 0
configure:5173: result: yes
configure:5173: checking for wchar.h
configure:5173: result: yes
configure:5195: checking sys/filio.h usability
configure:5195: gcc -c -g -O2  conftest.c >&5
conftest.c:55:10: fatal error: sys/filio.h: No such file or directory
   55 | #include <sys/filio.h>
      |          ^~~~~~~~~~~~~
compilation terminated.
configure:5195: $? = 1
configure: failed program was:
| /* confdefs.h */
| #define PACKAGE_NAME ""
| #define PACKAGE_TARNAME ""
| #define PACKAGE_VERSION ""
| #define PACKAGE_STRING ""
| #define PACKAGE_BUGREPORT ""
| #define PACKAGE_URL ""
| #define PACKAGE "xmlrpc-c"
| #define VERSION "x.xx"
| #define STDC_HEADERS 1
| #define HAVE_SYS_TYPES_H 1
| #define HAVE_SYS_STAT_H 1
| #define HAVE_STDLIB_H 1
| #define HAVE_STRING_H 1
| #define HAVE_MEMORY_H 1
| #define HAVE_STRINGS_H 1
| #define HAVE_INTTYPES_H 1
| #define HAVE_STDINT_H 1
| #define HAVE_UNISTD_H 1
| #define HAVE_WCHAR_H 1
| /* end confdefs.h.  */
| #include <stdio.h>
| #ifdef HAVE_SYS_TYPES_H
| # include <sys/types.h>
| #endif
| #ifdef HAVE_SYS_STAT_H
| # include <sys/stat.h>
| #endif
| #ifdef STDC_HEADERS
| # include <stdlib.h>
| # include <stddef.h>
| #else
| # ifdef HAVE_STDLIB_H
| #  include <stdlib.h>
| # endif
| #endif
| #ifdef HAVE_STRING_H
| # if !defined STDC_HEADERS && defined HAVE_MEMORY_H
| #  include <memory.h>
| # endif
| # include <string.h>
| #endif
| #ifdef HAVE_STRINGS_H
| # include <strings.h>
| #endif
| #ifdef HAVE_INTTYPES_H
| # include <inttypes.h>
| #endif
| #ifdef HAVE_STDINT_H
| # include <stdint.h>
| #endif
| #ifdef HAVE_UNISTD_H
| # include <unistd.h>
| #endif
| #include <sys/filio.h>
configure:5195: result: no
configure:5195: checking sys/filio.h presence
configure:5195: gcc -E  conftest.c
conftest.c:22:10: fatal error: sys/filio.h: No such file or directory
   22 | #include <sys/filio.h>
      |          ^~~~~~~~~~~~~
compilation terminated.
configure:5195: $? = 1
configure: failed program was:
| /* confdefs.h */
| #define PACKAGE_NAME ""
| #define PACKAGE_TARNAME ""
| #define PACKAGE_VERSION ""
| #define PACKAGE_STRING ""
| #define PACKAGE_BUGREPORT ""
| #define PACKAGE_URL ""
| #define PACKAGE "xmlrpc-c"
| #define VERSION "x.xx"
| #define STDC_HEADERS 1
| #define HAVE_SYS_TYPES_H 1
| #define HAVE_SYS_STAT_H 1
| #define HAVE_STDLIB_H 1
| #define HAVE_STRING_H 1
| #define HAVE_MEMORY_H 1
| #define HAVE_STRINGS_H 1
| #define HAVE_INTTYPES_H 1
| #define HAVE_STDINT_H 1
| #define HAVE_UNISTD_H 1
| #define HAVE_WCHAR_H 1
| /* end confdefs.h.  */
| #include <sys/filio.h>
configure:5195: result: no
configure:5195: checking for sys/filio.h
configure:5195: result: no
configure:5216: checking sys/ioctl.h usability
configure:5216: gcc -c -g -O2  conftest.c >&5
conftest.c:55:10: fatal error: sys/ioctl.h: No such file or directory
   55 | #include <sys/ioctl.h>
      |          ^~~~~~~~~~~~~
compilation terminated.
configure:5216: $? = 1
configure: failed program was:
| /* confdefs.h */
| #define PACKAGE_NAME ""
| #define PACKAGE_TARNAME ""
| #define PACKAGE_VERSION ""
| #define PACKAGE_STRING ""
| #define PACKAGE_BUGREPORT ""
| #define PACKAGE_URL ""
| #define PACKAGE "xmlrpc-c"
| #define VERSION "x.xx"
| #define STDC_HEADERS 1
| #define HAVE_SYS_TYPES_H 1
| #define HAVE_SYS_STAT_H 1
| #define HAVE_STDLIB_H 1
| #define HAVE_STRING_H 1
| #define HAVE_MEMORY_H 1
| #define HAVE_STRINGS_H 1
| #define HAVE_INTTYPES_H 1
| #define HAVE_STDINT_H 1
| #define HAVE_UNISTD_H 1
| #define HAVE_WCHAR_H 1
| /* end confdefs.h.  */
| #include <stdio.h>
| #ifdef HAVE_SYS_TYPES_H
| # include <sys/types.h>
| #endif
| #ifdef HAVE_SYS_STAT_H
| # include <sys/stat.h>
| #endif
| #ifdef STDC_HEADERS
| # include <stdlib.h>
| # include <stddef.h>
| #else
| # ifdef HAVE_STDLIB_H
| #  include <stdlib.h>
| # endif
| #endif
| #ifdef HAVE_STRING_H
| # if !defined STDC_HEADERS && defined HAVE_MEMORY_H
| #  include <memory.h>
| # endif
| # include <string.h>
| #endif
| #ifdef HAVE_STRINGS_H
| # include <strings.h>
| #endif
| #ifdef HAVE_INTTYPES_H
| # include <inttypes.h>
| #endif
| #ifdef HAVE_STDINT_H
| # include <stdint.h>
| #endif
| #ifdef HAVE_UNISTD_H
| # include <unistd.h>
| #endif
| #include <sys/ioctl.h>
configure:5216: result: no
configure:5216: checking sys/ioctl.h presence
configure:5216: gcc -E  conftest.c
conftest.c:22:10: fatal error: sys/ioctl.h: No such file or directory
   22 | #include <sys/ioctl.h>
      |          ^~~~~~~~~~~~~
compilation terminated.
configure:5216: $? = 1
configure: failed program was:
| /* confdefs.h */
| #define PACKAGE_NAME ""
| #define PACKAGE_TARNAME ""
| #define PACKAGE_VERSION ""
| #define PACKAGE_STRING ""
| #define PACKAGE_BUGREPORT ""
| #define PACKAGE_URL ""
| #define PACKAGE "xmlrpc-c"
| #define VERSION "x.xx"
| #define STDC_HEADERS 1
| #define HAVE_SYS_TYPES_H 1
| #define HAVE_SYS_STAT_H 1
| #define HAVE_STDLIB_H 1
| #define HAVE_STRING_H 1
| #define HAVE_MEMORY_H 1
| #define HAVE_STRINGS_H 1
| #define HAVE_INTTYPES_H 1
| #define HAVE_STDINT_H 1
| #define HAVE_UNISTD_H 1
| #define HAVE_WCHAR_H 1
| /* end confdefs.h.  */
| #include <sys/ioctl.h>
configure:5216: result: no
configure:5216: checking for sys/ioctl.h
configure:5216: result: no
configure:5235: checking sys/select.h usability
configure:5235: gcc -c -g -O2  conftest.c >&5
conftest.c:55:10: fatal error: sys/select.h: No such file or directory
   55 | #include <sys/select.h>
      |          ^~~~~~~~~~~~~~
compilation terminated.
configure:5235: $? = 1
configure: failed program was:
| /* confdefs.h */
| #define PACKAGE_NAME ""
| #define PACKAGE_TARNAME ""
| #define PACKAGE_VERSION ""
| #define PACKAGE_STRING ""
| #define PACKAGE_BUGREPORT ""
| #define PACKAGE_URL ""
| #define PACKAGE "xmlrpc-c"
| #define VERSION "x.xx"
| #define STDC_HEADERS 1
| #define HAVE_SYS_TYPES_H 1
| #define HAVE_SYS_STAT_H 1
| #define HAVE_STDLIB_H 1
| #define HAVE_STRING_H 1
| #define HAVE_MEMORY_H 1
| #define HAVE_STRINGS_H 1
| #define HAVE_INTTYPES_H 1
| #define HAVE_STDINT_H 1
| #define HAVE_UNISTD_H 1
| #define HAVE_WCHAR_H 1
| /* end confdefs.h.  */
| #include <stdio.h>
| #ifdef HAVE_SYS_TYPES_H
| # include <sys/types.h>
| #endif
| #ifdef HAVE_SYS_STAT_H
| # include <sys/stat.h>
| #endif
| #ifdef STDC_HEADERS
| # include <stdlib.h>
| # include <stddef.h>
| #else
| # ifdef HAVE_STDLIB_H
| #  include <stdlib.h>
| # endif
| #endif
| #ifdef HAVE_STRING_H
| # if !defined STDC_HEADERS && defined HAVE_MEMORY_H
| #  include <memory.h>
| # endif
| # include <string.h>
| #endif
| #ifdef HAVE_STRINGS_H
| # include <strings.h>
| #endif
| #ifdef HAVE_INTTYPES_H
| # include <inttypes.h>
| #endif
| #ifdef HAVE_STDINT_H
| # include <stdint.h>
| #endif
| #ifdef HAVE_UNISTD_H
| # include <unistd.h>
| #endif
| #include <sys/select.h>
configure:5235: result: no
configure:5235: checking sys/select.h presence
configure:5235: gcc -E  conftest.c
conftest.c:22:10: fatal error: sys/select.h: No such file or directory
   22 | #include <sys/select.h>
      |          ^~~~~~~~~~~~~~
compilation terminated.
configure:5235: $? = 1
configure: failed program was:
| /* confdefs.h */
| #define PACKAGE_NAME ""
| #define PACKAGE_TARNAME ""
| #define PACKAGE_VERSION ""
| #define PACKAGE_STRING ""
| #define PACKAGE_BUGREPORT ""
| #define PACKAGE_URL ""
| #define PACKAGE "xmlrpc-c"
| #define VERSION "x.xx"
| #define STDC_HEADERS 1
| #define HAVE_SYS_TYPES_H 1
| #define HAVE_SYS_STAT_H 1
| #define HAVE_STDLIB_H 1
| #define HAVE_STRING_H 1
| #define HAVE_MEMORY_H 1
| #define HAVE_STRINGS_H 1
| #define HAVE_INTTYPES_H 1
| #define HAVE_STDINT_H 1
| #define HAVE_UNISTD_H 1
| #define HAVE_WCHAR_H 1
| /* end confdefs.h.  */
| #include <sys/select.h>
configure:5235: result: no
configure:5235: checking for sys/select.h
configure:5235: result: no
configure:5255: checking stdarg.h usability
configure:5255: gcc -c -g -O2  conftest.c >&5
configure:5255: $? = 0
configure:5255: result: yes
configure:5255: checking stdarg.h presence
configure:5255: gcc -E  conftest.c
configure:5255: $? = 0
configure:5255: result: yes
configure:5255: checking for stdarg.h
configure:5255: result: yes
configure:5272: checking for size_t
configure:5272: gcc -c -g -O2  conftest.c >&5
configure:5272: $? = 0
configure:5272: gcc -c -g -O2  conftest.c >&5
conftest.c: In function 'main':
conftest.c:59:21: error: expected expression before ')' token
   59 | if (sizeof ((size_t)))
      |                     ^
configure:5272: $? = 1
configure: failed program was:
| /* confdefs.h */
| #define PACKAGE_NAME ""
| #define PACKAGE_TARNAME ""
| #define PACKAGE_VERSION ""
| #define PACKAGE_STRING ""
| #define PACKAGE_BUGREPORT ""
| #define PACKAGE_URL ""
| #define PACKAGE "xmlrpc-c"
| #define VERSION "x.xx"
| #define STDC_HEADERS 1
| #define HAVE_SYS_TYPES_H 1
| #define HAVE_SYS_STAT_H 1
| #define HAVE_STDLIB_H 1
| #define HAVE_STRING_H 1
| #define HAVE_MEMORY_H 1
| #define HAVE_STRINGS_H 1
| #define HAVE_INTTYPES_H 1
| #define HAVE_STDINT_H 1
| #define HAVE_UNISTD_H 1
| #define HAVE_WCHAR_H 1
| #define HAVE_STDARG_H 1
| /* end confdefs.h.  */
| #include <stdio.h>
| #ifdef HAVE_SYS_TYPES_H
| # include <sys/types.h>
| #endif
| #ifdef HAVE_SYS_STAT_H
| # include <sys/stat.h>
| #endif
| #ifdef STDC_HEADERS
| # include <stdlib.h>
| # include <stddef.h>
| #else
| # ifdef HAVE_STDLIB_H
| #  include <stdlib.h>
| # endif
| #endif
| #ifdef HAVE_STRING_H
| # if !defined STDC_HEADERS && defined HAVE_MEMORY_H
| #  include <memory.h>
| # endif
| # include <string.h>
| #endif
| #ifdef HAVE_STRINGS_H
| # include <strings.h>
| #endif
| #ifdef HAVE_INTTYPES_H
| # include <inttypes.h>
| #endif
| #ifdef HAVE_STDINT_H
| # include <stdint.h>
| #endif
| #ifdef HAVE_UNISTD_H
| # include <unistd.h>
| #endif
| int
| main ()
| {
| if (sizeof ((size_t)))
| 	    return 0;
|   ;
|   return 0;
| }
configure:5272: result: yes
configure:5285: checking whether va_list is an array
configure:5300: gcc -c -g -O2  conftest.c >&5
configure:5300: $? = 0
configure:5306: result: no
configure:5315: checking whether compiler has __attribute__
configure:5328: gcc -c -g -O2  conftest.c >&5
configure:5328: $? = 0
configure:5334: result: yes
configure:5345: checking for vsnprintf
configure:5345: gcc -o conftest.exe -g -O2   conftest.c  >&5
conftest.c:46:6: warning: conflicting types for built-in function 'vsnprintf'; expected 'int(char *, unsigned int,  const char *, char *)' [-Wbuiltin-declaration-mismatch]
   46 | char vsnprintf ();
      |      ^~~~~~~~~
conftest.c:34:1: note: 'vsnprintf' is declared in header '<stdio.h>'
   33 | # include <limits.h>
   34 | #else
configure:5345: $? = 0
configure:5345: result: yes
configure:5357: checking for wcsncmp
configure:5357: gcc -o conftest.exe -g -O2   conftest.c  >&5
configure:5357: $? = 0
configure:5357: result: yes
configure:5375: checking for setgroups
configure:5375: gcc -o conftest.exe -g -O2   conftest.c  >&5
c:/mingw/bin/../lib/gcc/mingw32/9.2.0/../../../../mingw32/bin/ld.exe: C:\Users\mario\AppData\Local\Temp\ccS32Chn.o: in function `main':
C:\Users\mario\Documents\UNCuyo\Por Cursar\POO\Proyecto Libre\prog\Tan-K\Cliente\xmlrpc-1.51.08/conftest.c:58: undefined reference to `setgroups'
collect2.exe: error: ld returned 1 exit status
configure:5375: $? = 1
configure: failed program was:
| /* confdefs.h */
| #define PACKAGE_NAME ""
| #define PACKAGE_TARNAME ""
| #define PACKAGE_VERSION ""
| #define PACKAGE_STRING ""
| #define PACKAGE_BUGREPORT ""
| #define PACKAGE_URL ""
| #define PACKAGE "xmlrpc-c"
| #define VERSION "x.xx"
| #define STDC_HEADERS 1
| #define HAVE_SYS_TYPES_H 1
| #define HAVE_SYS_STAT_H 1
| #define HAVE_STDLIB_H 1
| #define HAVE_STRING_H 1
| #define HAVE_MEMORY_H 1
| #define HAVE_STRINGS_H 1
| #define HAVE_INTTYPES_H 1
| #define HAVE_STDINT_H 1
| #define HAVE_UNISTD_H 1
| #define HAVE_WCHAR_H 1
| #define HAVE_STDARG_H 1
| #define HAVE_WCSNCMP 1
| /* end confdefs.h.  */
| /* Define setgroups to an innocuous variant, in case <limits.h> declares setgroups.
|    For example, HP-UX 11i <limits.h> declares gettimeofday.  */
| #define setgroups innocuous_setgroups
| 
| /* System header to define __stub macros and hopefully few prototypes,
|     which can conflict with char setgroups (); below.
|     Prefer <limits.h> to <assert.h> if __STDC__ is defined, since
|     <limits.h> exists even on freestanding compilers.  */
| 
| #ifdef __STDC__
| # include <limits.h>
| #else
| # include <assert.h>
| #endif
| 
| #undef setgroups
| 
| /* Override any GCC internal prototype to avoid an error.
|    Use char because int might match the return type of a GCC
|    builtin and then its argument prototype would still apply.  */
| #ifdef __cplusplus
| extern "C"
| #endif
| char setgroups ();
| /* The GNU C library defines this for functions which it implements
|     to always fail with ENOSYS.  Some functions are actually named
|     something starting with __ and the normal name is an alias.  */
| #if defined __stub_setgroups || defined __stub___setgroups
| choke me
| #endif
| 
| int
| main ()
| {
| return setgroups ();
|   ;
|   return 0;
| }
configure:5375: result: no
configure:5393: checking for asprintf
configure:5393: gcc -o conftest.exe -g -O2   conftest.c  >&5
c:/mingw/bin/../lib/gcc/mingw32/9.2.0/../../../../mingw32/bin/ld.exe: C:\Users\mario\AppData\Local\Temp\ccUPJuTE.o: in function `main':
C:\Users\mario\Documents\UNCuyo\Por Cursar\POO\Proyecto Libre\prog\Tan-K\Cliente\xmlrpc-1.51.08/conftest.c:58: undefined reference to `asprintf'
collect2.exe: error: ld returned 1 exit status
configure:5393: $? = 1
configure: failed program was:
| /* confdefs.h */
| #define PACKAGE_NAME ""
| #define PACKAGE_TARNAME ""
| #define PACKAGE_VERSION ""
| #define PACKAGE_STRING ""
| #define PACKAGE_BUGREPORT ""
| #define PACKAGE_URL ""
| #define PACKAGE "xmlrpc-c"
| #define VERSION "x.xx"
| #define STDC_HEADERS 1
| #define HAVE_SYS_TYPES_H 1
| #define HAVE_SYS_STAT_H 1
| #define HAVE_STDLIB_H 1
| #define HAVE_STRING_H 1
| #define HAVE_MEMORY_H 1
| #define HAVE_STRINGS_H 1
| #define HAVE_INTTYPES_H 1
| #define HAVE_STDINT_H 1
| #define HAVE_UNISTD_H 1
| #define HAVE_WCHAR_H 1
| #define HAVE_STDARG_H 1
| #define HAVE_WCSNCMP 1
| /* end confdefs.h.  */
| /* Define asprintf to an innocuous variant, in case <limits.h> declares asprintf.
|    For example, HP-UX 11i <limits.h> declares gettimeofday.  */
| #define asprintf innocuous_asprintf
| 
| /* System header to define __stub macros and hopefully few prototypes,
|     which can conflict with char asprintf (); below.
|     Prefer <limits.h> to <assert.h> if __STDC__ is defined, since
|     <limits.h> exists even on freestanding compilers.  */
| 
| #ifdef __STDC__
| # include <limits.h>
| #else
| # include <assert.h>
| #endif
| 
| #undef asprintf
| 
| /* Override any GCC internal prototype to avoid an error.
|    Use char because int might match the return type of a GCC
|    builtin and then its argument prototype would still apply.  */
| #ifdef __cplusplus
| extern "C"
| #endif
| char asprintf ();
| /* The GNU C library defines this for functions which it implements
|     to always fail with ENOSYS.  Some functions are actually named
|     something starting with __ and the normal name is an alias.  */
| #if defined __stub_asprintf || defined __stub___asprintf
| choke me
| #endif
| 
| int
| main ()
| {
| return asprintf ();
|   ;
|   return 0;
| }
configure:5393: result: no
configure:5411: checking for setenv
configure:5411: gcc -o conftest.exe -g -O2   conftest.c  >&5
configure:5411: $? = 0
configure:5411: result: yes
configure:5429: checking for strtoll
configure:5429: gcc -o conftest.exe -g -O2   conftest.c  >&5
configure:5429: $? = 0
configure:5429: result: yes
configure:5447: checking for strtoull
configure:5447: gcc -o conftest.exe -g -O2   conftest.c  >&5
configure:5447: $? = 0
configure:5447: result: yes
configure:5465: checking for strtoq
configure:5465: gcc -o conftest.exe -g -O2   conftest.c  >&5
c:/mingw/bin/../lib/gcc/mingw32/9.2.0/../../../../mingw32/bin/ld.exe: C:\Users\mario\AppData\Local\Temp\ccmMNiGs.o: in function `main':
C:\Users\mario\Documents\UNCuyo\Por Cursar\POO\Proyecto Libre\prog\Tan-K\Cliente\xmlrpc-1.51.08/conftest.c:61: undefined reference to `strtoq'
collect2.exe: error: ld returned 1 exit status
configure:5465: $? = 1
configure: failed program was:
| /* confdefs.h */
| #define PACKAGE_NAME ""
| #define PACKAGE_TARNAME ""
| #define PACKAGE_VERSION ""
| #define PACKAGE_STRING ""
| #define PACKAGE_BUGREPORT ""
| #define PACKAGE_URL ""
| #define PACKAGE "xmlrpc-c"
| #define VERSION "x.xx"
| #define STDC_HEADERS 1
| #define HAVE_SYS_TYPES_H 1
| #define HAVE_SYS_STAT_H 1
| #define HAVE_STDLIB_H 1
| #define HAVE_STRING_H 1
| #define HAVE_MEMORY_H 1
| #define HAVE_STRINGS_H 1
| #define HAVE_INTTYPES_H 1
| #define HAVE_STDINT_H 1
| #define HAVE_UNISTD_H 1
| #define HAVE_WCHAR_H 1
| #define HAVE_STDARG_H 1
| #define HAVE_WCSNCMP 1
| #define HAVE_SETENV 1
| #define HAVE_STRTOLL 1
| #define HAVE_STRTOULL 1
| /* end confdefs.h.  */
| /* Define strtoq to an innocuous variant, in case <limits.h> declares strtoq.
|    For example, HP-UX 11i <limits.h> declares gettimeofday.  */
| #define strtoq innocuous_strtoq
| 
| /* System header to define __stub macros and hopefully few prototypes,
|     which can conflict with char strtoq (); below.
|     Prefer <limits.h> to <assert.h> if __STDC__ is defined, since
|     <limits.h> exists even on freestanding compilers.  */
| 
| #ifdef __STDC__
| # include <limits.h>
| #else
| # include <assert.h>
| #endif
| 
| #undef strtoq
| 
| /* Override any GCC internal prototype to avoid an error.
|    Use char because int might match the return type of a GCC
|    builtin and then its argument prototype would still apply.  */
| #ifdef __cplusplus
| extern "C"
| #endif
| char strtoq ();
| /* The GNU C library defines this for functions which it implements
|     to always fail with ENOSYS.  Some functions are actually named
|     something starting with __ and the normal name is an alias.  */
| #if defined __stub_strtoq || defined __stub___strtoq
| choke me
| #endif
| 
| int
| main ()
| {
| return strtoq ();
|   ;
|   return 0;
| }
configure:5465: result: no
configure:5483: checking for strtouq
configure:5483: gcc -o conftest.exe -g -O2   conftest.c  >&5
c:/mingw/bin/../lib/gcc/mingw32/9.2.0/../../../../mingw32/bin/ld.exe: C:\Users\mario\AppData\Local\Temp\ccS17Eud.o: in function `main':
C:\Users\mario\Documents\UNCuyo\Por Cursar\POO\Proyecto Libre\prog\Tan-K\Cliente\xmlrpc-1.51.08/conftest.c:61: undefined reference to `strtouq'
collect2.exe: error: ld returned 1 exit status
configure:5483: $? = 1
configure: failed program was:
| /* confdefs.h */
| #define PACKAGE_NAME ""
| #define PACKAGE_TARNAME ""
| #define PACKAGE_VERSION ""
| #define PACKAGE_STRING ""
| #define PACKAGE_BUGREPORT ""
| #define PACKAGE_URL ""
| #define PACKAGE "xmlrpc-c"
| #define VERSION "x.xx"
| #define STDC_HEADERS 1
| #define HAVE_SYS_TYPES_H 1
| #define HAVE_SYS_STAT_H 1
| #define HAVE_STDLIB_H 1
| #define HAVE_STRING_H 1
| #define HAVE_MEMORY_H 1
| #define HAVE_STRINGS_H 1
| #define HAVE_INTTYPES_H 1
| #define HAVE_STDINT_H 1
| #define HAVE_UNISTD_H 1
| #define HAVE_WCHAR_H 1
| #define HAVE_STDARG_H 1
| #define HAVE_WCSNCMP 1
| #define HAVE_SETENV 1
| #define HAVE_STRTOLL 1
| #define HAVE_STRTOULL 1
| /* end confdefs.h.  */
| /* Define strtouq to an innocuous variant, in case <limits.h> declares strtouq.
|    For example, HP-UX 11i <limits.h> declares gettimeofday.  */
| #define strtouq innocuous_strtouq
| 
| /* System header to define __stub macros and hopefully few prototypes,
|     which can conflict with char strtouq (); below.
|     Prefer <limits.h> to <assert.h> if __STDC__ is defined, since
|     <limits.h> exists even on freestanding compilers.  */
| 
| #ifdef __STDC__
| # include <limits.h>
| #else
| # include <assert.h>
| #endif
| 
| #undef strtouq
| 
| /* Override any GCC internal prototype to avoid an error.
|    Use char because int might match the return type of a GCC
|    builtin and then its argument prototype would still apply.  */
| #ifdef __cplusplus
| extern "C"
| #endif
| char strtouq ();
| /* The GNU C library defines this for functions which it implements
|     to always fail with ENOSYS.  Some functions are actually named
|     something starting with __ and the normal name is an alias.  */
| #if defined __stub_strtouq || defined __stub___strtouq
| choke me
| #endif
| 
| int
| main ()
| {
| return strtouq ();
|   ;
|   return 0;
| }
configure:5483: result: no
configure:5501: checking for __strtoll
configure:5501: gcc -o conftest.exe -g -O2   conftest.c  >&5
c:/mingw/bin/../lib/gcc/mingw32/9.2.0/../../../../mingw32/bin/ld.exe: C:\Users\mario\AppData\Local\Temp\cc6TsTxz.o: in function `main':
C:\Users\mario\Documents\UNCuyo\Por Cursar\POO\Proyecto Libre\prog\Tan-K\Cliente\xmlrpc-1.51.08/conftest.c:61: undefined reference to `__strtoll'
collect2.exe: error: ld returned 1 exit status
configure:5501: $? = 1
configure: failed program was:
| /* confdefs.h */
| #define PACKAGE_NAME ""
| #define PACKAGE_TARNAME ""
| #define PACKAGE_VERSION ""
| #define PACKAGE_STRING ""
| #define PACKAGE_BUGREPORT ""
| #define PACKAGE_URL ""
| #define PACKAGE "xmlrpc-c"
| #define VERSION "x.xx"
| #define STDC_HEADERS 1
| #define HAVE_SYS_TYPES_H 1
| #define HAVE_SYS_STAT_H 1
| #define HAVE_STDLIB_H 1
| #define HAVE_STRING_H 1
| #define HAVE_MEMORY_H 1
| #define HAVE_STRINGS_H 1
| #define HAVE_INTTYPES_H 1
| #define HAVE_STDINT_H 1
| #define HAVE_UNISTD_H 1
| #define HAVE_WCHAR_H 1
| #define HAVE_STDARG_H 1
| #define HAVE_WCSNCMP 1
| #define HAVE_SETENV 1
| #define HAVE_STRTOLL 1
| #define HAVE_STRTOULL 1
| /* end confdefs.h.  */
| /* Define __strtoll to an innocuous variant, in case <limits.h> declares __strtoll.
|    For example, HP-UX 11i <limits.h> declares gettimeofday.  */
| #define __strtoll innocuous___strtoll
| 
| /* System header to define __stub macros and hopefully few prototypes,
|     which can conflict with char __strtoll (); below.
|     Prefer <limits.h> to <assert.h> if __STDC__ is defined, since
|     <limits.h> exists even on freestanding compilers.  */
| 
| #ifdef __STDC__
| # include <limits.h>
| #else
| # include <assert.h>
| #endif
| 
| #undef __strtoll
| 
| /* Override any GCC internal prototype to avoid an error.
|    Use char because int might match the return type of a GCC
|    builtin and then its argument prototype would still apply.  */
| #ifdef __cplusplus
| extern "C"
| #endif
| char __strtoll ();
| /* The GNU C library defines this for functions which it implements
|     to always fail with ENOSYS.  Some functions are actually named
|     something starting with __ and the normal name is an alias.  */
| #if defined __stub___strtoll || defined __stub_____strtoll
| choke me
| #endif
| 
| int
| main ()
| {
| return __strtoll ();
|   ;
|   return 0;
| }
configure:5501: result: no
configure:5519: checking for __strtoull
configure:5519: gcc -o conftest.exe -g -O2   conftest.c  >&5
c:/mingw/bin/../lib/gcc/mingw32/9.2.0/../../../../mingw32/bin/ld.exe: C:\Users\mario\AppData\Local\Temp\ccpN6CTm.o: in function `main':
C:\Users\mario\Documents\UNCuyo\Por Cursar\POO\Proyecto Libre\prog\Tan-K\Cliente\xmlrpc-1.51.08/conftest.c:61: undefined reference to `__strtoull'
collect2.exe: error: ld returned 1 exit status
configure:5519: $? = 1
configure: failed program was:
| /* confdefs.h */
| #define PACKAGE_NAME ""
| #define PACKAGE_TARNAME ""
| #define PACKAGE_VERSION ""
| #define PACKAGE_STRING ""
| #define PACKAGE_BUGREPORT ""
| #define PACKAGE_URL ""
| #define PACKAGE "xmlrpc-c"
| #define VERSION "x.xx"
| #define STDC_HEADERS 1
| #define HAVE_SYS_TYPES_H 1
| #define HAVE_SYS_STAT_H 1
| #define HAVE_STDLIB_H 1
| #define HAVE_STRING_H 1
| #define HAVE_MEMORY_H 1
| #define HAVE_STRINGS_H 1
| #define HAVE_INTTYPES_H 1
| #define HAVE_STDINT_H 1
| #define HAVE_UNISTD_H 1
| #define HAVE_WCHAR_H 1
| #define HAVE_STDARG_H 1
| #define HAVE_WCSNCMP 1
| #define HAVE_SETENV 1
| #define HAVE_STRTOLL 1
| #define HAVE_STRTOULL 1
| /* end confdefs.h.  */
| /* Define __strtoull to an innocuous variant, in case <limits.h> declares __strtoull.
|    For example, HP-UX 11i <limits.h> declares gettimeofday.  */
| #define __strtoull innocuous___strtoull
| 
| /* System header to define __stub macros and hopefully few prototypes,
|     which can conflict with char __strtoull (); below.
|     Prefer <limits.h> to <assert.h> if __STDC__ is defined, since
|     <limits.h> exists even on freestanding compilers.  */
| 
| #ifdef __STDC__
| # include <limits.h>
| #else
| # include <assert.h>
| #endif
| 
| #undef __strtoull
| 
| /* Override any GCC internal prototype to avoid an error.
|    Use char because int might match the return type of a GCC
|    builtin and then its argument prototype would still apply.  */
| #ifdef __cplusplus
| extern "C"
| #endif
| char __strtoull ();
| /* The GNU C library defines this for functions which it implements
|     to always fail with ENOSYS.  Some functions are actually named
|     something starting with __ and the normal name is an alias.  */
| #if defined __stub___strtoull || defined __stub_____strtoull
| choke me
| #endif
| 
| int
| main ()
| {
| return __strtoull ();
|   ;
|   return 0;
| }
configure:5519: result: no
configure:5537: checking for _strtoui64
configure:5537: gcc -o conftest.exe -g -O2   conftest.c  >&5
configure:5537: $? = 0
configure:5537: result: yes
configure:5555: checking for pselect
configure:5555: gcc -o conftest.exe -g -O2   conftest.c  >&5
c:/mingw/bin/../lib/gcc/mingw32/9.2.0/../../../../mingw32/bin/ld.exe: C:\Users\mario\AppData\Local\Temp\cc6rzvbW.o: in function `main':
C:\Users\mario\Documents\UNCuyo\Por Cursar\POO\Proyecto Libre\prog\Tan-K\Cliente\xmlrpc-1.51.08/conftest.c:62: undefined reference to `pselect'
collect2.exe: error: ld returned 1 exit status
configure:5555: $? = 1
configure: failed program was:
| /* confdefs.h */
| #define PACKAGE_NAME ""
| #define PACKAGE_TARNAME ""
| #define PACKAGE_VERSION ""
| #define PACKAGE_STRING ""
| #define PACKAGE_BUGREPORT ""
| #define PACKAGE_URL ""
| #define PACKAGE "xmlrpc-c"
| #define VERSION "x.xx"
| #define STDC_HEADERS 1
| #define HAVE_SYS_TYPES_H 1
| #define HAVE_SYS_STAT_H 1
| #define HAVE_STDLIB_H 1
| #define HAVE_STRING_H 1
| #define HAVE_MEMORY_H 1
| #define HAVE_STRINGS_H 1
| #define HAVE_INTTYPES_H 1
| #define HAVE_STDINT_H 1
| #define HAVE_UNISTD_H 1
| #define HAVE_WCHAR_H 1
| #define HAVE_STDARG_H 1
| #define HAVE_WCSNCMP 1
| #define HAVE_SETENV 1
| #define HAVE_STRTOLL 1
| #define HAVE_STRTOULL 1
| #define HAVE__STRTOUI64 1
| /* end confdefs.h.  */
| /* Define pselect to an innocuous variant, in case <limits.h> declares pselect.
|    For example, HP-UX 11i <limits.h> declares gettimeofday.  */
| #define pselect innocuous_pselect
| 
| /* System header to define __stub macros and hopefully few prototypes,
|     which can conflict with char pselect (); below.
|     Prefer <limits.h> to <assert.h> if __STDC__ is defined, since
|     <limits.h> exists even on freestanding compilers.  */
| 
| #ifdef __STDC__
| # include <limits.h>
| #else
| # include <assert.h>
| #endif
| 
| #undef pselect
| 
| /* Override any GCC internal prototype to avoid an error.
|    Use char because int might match the return type of a GCC
|    builtin and then its argument prototype would still apply.  */
| #ifdef __cplusplus
| extern "C"
| #endif
| char pselect ();
| /* The GNU C library defines this for functions which it implements
|     to always fail with ENOSYS.  Some functions are actually named
|     something starting with __ and the normal name is an alias.  */
| #if defined __stub_pselect || defined __stub___pselect
| choke me
| #endif
| 
| int
| main ()
| {
| return pselect ();
|   ;
|   return 0;
| }
configure:5555: result: no
configure:5573: checking for gettimeofday
configure:5573: gcc -o conftest.exe -g -O2   conftest.c  >&5
configure:5573: $? = 0
configure:5573: result: yes
configure:5591: checking for localtime_r
configure:5591: gcc -o conftest.exe -g -O2   conftest.c  >&5
c:/mingw/bin/../lib/gcc/mingw32/9.2.0/../../../../mingw32/bin/ld.exe: C:\Users\mario\AppData\Local\Temp\ccK30KAE.o: in function `main':
C:\Users\mario\Documents\UNCuyo\Por Cursar\POO\Proyecto Libre\prog\Tan-K\Cliente\xmlrpc-1.51.08/conftest.c:63: undefined reference to `localtime_r'
collect2.exe: error: ld returned 1 exit status
configure:5591: $? = 1
configure: failed program was:
| /* confdefs.h */
| #define PACKAGE_NAME ""
| #define PACKAGE_TARNAME ""
| #define PACKAGE_VERSION ""
| #define PACKAGE_STRING ""
| #define PACKAGE_BUGREPORT ""
| #define PACKAGE_URL ""
| #define PACKAGE "xmlrpc-c"
| #define VERSION "x.xx"
| #define STDC_HEADERS 1
| #define HAVE_SYS_TYPES_H 1
| #define HAVE_SYS_STAT_H 1
| #define HAVE_STDLIB_H 1
| #define HAVE_STRING_H 1
| #define HAVE_MEMORY_H 1
| #define HAVE_STRINGS_H 1
| #define HAVE_INTTYPES_H 1
| #define HAVE_STDINT_H 1
| #define HAVE_UNISTD_H 1
| #define HAVE_WCHAR_H 1
| #define HAVE_STDARG_H 1
| #define HAVE_WCSNCMP 1
| #define HAVE_SETENV 1
| #define HAVE_STRTOLL 1
| #define HAVE_STRTOULL 1
| #define HAVE__STRTOUI64 1
| #define HAVE_GETTIMEOFDAY 1
| /* end confdefs.h.  */
| /* Define localtime_r to an innocuous variant, in case <limits.h> declares localtime_r.
|    For example, HP-UX 11i <limits.h> declares gettimeofday.  */
| #define localtime_r innocuous_localtime_r
| 
| /* System header to define __stub macros and hopefully few prototypes,
|     which can conflict with char localtime_r (); below.
|     Prefer <limits.h> to <assert.h> if __STDC__ is defined, since
|     <limits.h> exists even on freestanding compilers.  */
| 
| #ifdef __STDC__
| # include <limits.h>
| #else
| # include <assert.h>
| #endif
| 
| #undef localtime_r
| 
| /* Override any GCC internal prototype to avoid an error.
|    Use char because int might match the return type of a GCC
|    builtin and then its argument prototype would still apply.  */
| #ifdef __cplusplus
| extern "C"
| #endif
| char localtime_r ();
| /* The GNU C library defines this for functions which it implements
|     to always fail with ENOSYS.  Some functions are actually named
|     something starting with __ and the normal name is an alias.  */
| #if defined __stub_localtime_r || defined __stub___localtime_r
| choke me
| #endif
| 
| int
| main ()
| {
| return localtime_r ();
|   ;
|   return 0;
| }
configure:5591: result: no
configure:5609: checking for gmtime_r
configure:5609: gcc -o conftest.exe -g -O2   conftest.c  >&5
c:/mingw/bin/../lib/gcc/mingw32/9.2.0/../../../../mingw32/bin/ld.exe: C:\Users\mario\AppData\Local\Temp\cc2LJX3Z.o: in function `main':
C:\Users\mario\Documents\UNCuyo\Por Cursar\POO\Proyecto Libre\prog\Tan-K\Cliente\xmlrpc-1.51.08/conftest.c:63: undefined reference to `gmtime_r'
collect2.exe: error: ld returned 1 exit status
configure:5609: $? = 1
configure: failed program was:
| /* confdefs.h */
| #define PACKAGE_NAME ""
| #define PACKAGE_TARNAME ""
| #define PACKAGE_VERSION ""
| #define PACKAGE_STRING ""
| #define PACKAGE_BUGREPORT ""
| #define PACKAGE_URL ""
| #define PACKAGE "xmlrpc-c"
| #define VERSION "x.xx"
| #define STDC_HEADERS 1
| #define HAVE_SYS_TYPES_H 1
| #define HAVE_SYS_STAT_H 1
| #define HAVE_STDLIB_H 1
| #define HAVE_STRING_H 1
| #define HAVE_MEMORY_H 1
| #define HAVE_STRINGS_H 1
| #define HAVE_INTTYPES_H 1
| #define HAVE_STDINT_H 1
| #define HAVE_UNISTD_H 1
| #define HAVE_WCHAR_H 1
| #define HAVE_STDARG_H 1
| #define HAVE_WCSNCMP 1
| #define HAVE_SETENV 1
| #define HAVE_STRTOLL 1
| #define HAVE_STRTOULL 1
| #define HAVE__STRTOUI64 1
| #define HAVE_GETTIMEOFDAY 1
| /* end confdefs.h.  */
| /* Define gmtime_r to an innocuous variant, in case <limits.h> declares gmtime_r.
|    For example, HP-UX 11i <limits.h> declares gettimeofday.  */
| #define gmtime_r innocuous_gmtime_r
| 
| /* System header to define __stub macros and hopefully few prototypes,
|     which can conflict with char gmtime_r (); below.
|     Prefer <limits.h> to <assert.h> if __STDC__ is defined, since
|     <limits.h> exists even on freestanding compilers.  */
| 
| #ifdef __STDC__
| # include <limits.h>
| #else
| # include <assert.h>
| #endif
| 
| #undef gmtime_r
| 
| /* Override any GCC internal prototype to avoid an error.
|    Use char because int might match the return type of a GCC
|    builtin and then its argument prototype would still apply.  */
| #ifdef __cplusplus
| extern "C"
| #endif
| char gmtime_r ();
| /* The GNU C library defines this for functions which it implements
|     to always fail with ENOSYS.  Some functions are actually named
|     something starting with __ and the normal name is an alias.  */
| #if defined __stub_gmtime_r || defined __stub___gmtime_r
| choke me
| #endif
| 
| int
| main ()
| {
| return gmtime_r ();
|   ;
|   return 0;
| }
configure:5609: result: no
configure:5627: checking for strcasecmp
configure:5627: gcc -o conftest.exe -g -O2   conftest.c  >&5
conftest.c:52:6: warning: conflicting types for built-in function 'strcasecmp'; expected 'int(const char *, const char *)' [-Wbuiltin-declaration-mismatch]
   52 | char strcasecmp ();
      |      ^~~~~~~~~~
configure:5627: $? = 0
configure:5627: result: yes
configure:5645: checking for stricmp
configure:5645: gcc -o conftest.exe -g -O2   conftest.c  >&5
configure:5645: $? = 0
configure:5645: result: yes
configure:5663: checking for _stricmp
configure:5663: gcc -o conftest.exe -g -O2   conftest.c  >&5
configure:5663: $? = 0
configure:5663: result: yes
configure:5692: checking whether to use Abyss pthread function
configure:5701: result: yes
configure:5974: checking for OpenSSL library
configure:5987: result: no
configure:6007: You don't appear to Openssl installed (no pkg-config file for it in your pkg-config search path), so we will not build the Abyss Openssl channel module
configure:6017: checking whether to build Abyss Openssl channel module
configure:6019: result: no
configure:6041: checking whether to use SSL with libwww
configure:6048: result: no
configure:6064: checking whether to build the libxml2 backend
configure:6066: result: no
configure:6172: checking for ar
configure:6188: found /c/MinGW/bin/ar
configure:6199: result: ar
configure:6264: checking for ranlib
configure:6280: found /c/MinGW/bin/ranlib
configure:6291: result: ranlib
configure:6468: creating ./config.status

## ---------------------- ##
## Running config.status. ##
## ---------------------- ##

This file was extended by config.status, which was
generated by GNU Autoconf 2.69.  Invocation command line was

  CONFIG_FILES    = 
  CONFIG_HEADERS  = 
  CONFIG_LINKS    = 
  CONFIG_COMMANDS = 
  $ ./config.status 

on DESKTOP-VD0B39F

config.status:828: creating srcdir.mk
config.status:828: creating config.mk
config.status:828: creating xmlrpc_config.h
configure:7495: ==>
configure:7497: ==>We are not building any client XML transport (see earlier messages explaining why), therefore WE WILL NOT BUILD THE CLIENT LIBRARY.
configure:7499: ==>

## ---------------- ##
## Cache variables. ##
## ---------------- ##

ac_cv_build=x86_64-pc-mingw32
ac_cv_c_compiler_gnu=yes
ac_cv_cxx_compiler_gnu=yes
ac_cv_env_CCC_set=
ac_cv_env_CCC_value=
ac_cv_env_CC_set=
ac_cv_env_CC_value=
ac_cv_env_CFLAGS_set=
ac_cv_env_CFLAGS_value=
ac_cv_env_CPPFLAGS_set=
ac_cv_env_CPPFLAGS_value=
ac_cv_env_CPP_set=
ac_cv_env_CPP_value=
ac_cv_env_CXXFLAGS_set=
ac_cv_env_CXXFLAGS_value=
ac_cv_env_CXX_set=
ac_cv_env_CXX_value=
ac_cv_env_LDFLAGS_set=
ac_cv_env_LDFLAGS_value=
ac_cv_env_LIBS_set=
ac_cv_env_LIBS_value=
ac_cv_env_build_alias_set=
ac_cv_env_build_alias_value=
ac_cv_env_host_alias_set=
ac_cv_env_host_alias_value=
ac_cv_env_target_alias_set=
ac_cv_env_target_alias_value=
ac_cv_exeext=.exe
ac_cv_func___strtoll=no
ac_cv_func___strtoull=no
ac_cv_func__stricmp=yes
ac_cv_func__strtoui64=yes
ac_cv_func_asprintf=no
ac_cv_func_gettimeofday=yes
ac_cv_func_gmtime_r=no
ac_cv_func_localtime_r=no
ac_cv_func_pselect=no
ac_cv_func_setenv=yes
ac_cv_func_setgroups=no
ac_cv_func_socket=no
ac_cv_func_strcasecmp=yes
ac_cv_func_stricmp=yes
ac_cv_func_strtoll=yes
ac_cv_func_strtoq=no
ac_cv_func_strtoull=yes
ac_cv_func_strtouq=no
ac_cv_func_vsnprintf=yes
ac_cv_func_wcsncmp=yes
ac_cv_header_inttypes_h=yes
ac_cv_header_memory_h=yes
ac_cv_header_stdarg_h=yes
ac_cv_header_stdc=yes
ac_cv_header_stdint_h=yes
ac_cv_header_stdlib_h=yes
ac_cv_header_string_h=yes
ac_cv_header_strings_h=yes
ac_cv_header_sys_filio_h=no
ac_cv_header_sys_ioctl_h=no
ac_cv_header_sys_select_h=no
ac_cv_header_sys_stat_h=yes
ac_cv_header_sys_types_h=yes
ac_cv_header_unistd_h=yes
ac_cv_header_wchar_h=yes
ac_cv_host=x86_64-pc-mingw32
ac_cv_lib_ncurses_main=no
ac_cv_lib_readline_main=no
ac_cv_lib_socket_socket=no
ac_cv_objext=o
ac_cv_path_EGREP='/usr/bin/grep -E'
ac_cv_path_GREP=/usr/bin/grep
ac_cv_path_install='/usr/bin/install -c'
ac_cv_prog_CPP='gcc -E'
ac_cv_prog_ac_ct_AR=ar
ac_cv_prog_ac_ct_CC=gcc
ac_cv_prog_ac_ct_CXX=g++
ac_cv_prog_ac_ct_RANLIB=ranlib
ac_cv_prog_cc_c89=
ac_cv_prog_cc_g=yes
ac_cv_prog_cxx_g=yes
ac_cv_prog_have_curl_config=no
ac_cv_prog_have_libwww_config=no
ac_cv_prog_have_wininet_config=no
ac_cv_prog_make_make_set=no
ac_cv_type_size_t=yes

## ----------------- ##
## Output variables. ##
## ----------------- ##

ABYSS_SUBDIR='abyss'
ACLOCAL='/c/Users/mario/Documents/UNCuyo/Por Cursar/POO/Proyecto Libre/prog/Tan-K/Cliente/xmlrpc-1.51.08/missing aclocal'
AR='ar'
ASYNCH_CLIENT='asynch_client'
ATTR_UNUSED='__attribute__((__unused__))'
AUTH_CLIENT='auth_client'
AUTOCONF='/c/Users/mario/Documents/UNCuyo/Por Cursar/POO/Proyecto Libre/prog/Tan-K/Cliente/xmlrpc-1.51.08/missing autoconf'
AUTOHEADER='/c/Users/mario/Documents/UNCuyo/Por Cursar/POO/Proyecto Libre/prog/Tan-K/Cliente/xmlrpc-1.51.08/missing autoheader'
AUTOMAKE='/c/Users/mario/Documents/UNCuyo/Por Cursar/POO/Proyecto Libre/prog/Tan-K/Cliente/xmlrpc-1.51.08/missing automake'
BUILDDIR='/c/Users/mario/Documents/UNCuyo/Por Cursar/POO/Proyecto Libre/prog/Tan-K/Cliente/xmlrpc-1.51.08'
BUILD_TOOLS='no'
BUILD_XMLRPC_PSTREAM='no'
CC='gcc'
CC_WARN_FLAGS=''
CFLAGS='-g -O2 -D_THREAD'
CLIENTTEST='clienttest'
CPP='gcc -E'
CPPFLAGS=''
CPPTEST='cpptest'
CPP_WARN_FLAGS=''
CURL_CONFIG=''
CURL_LDADD=''
CURL_LIBDIR=''
CXX='g++'
CXXFLAGS='-g -O2'
CXX_COMPILER_GNU='yes'
C_COMPILER_GNU='yes'
DEFS='-DPACKAGE_NAME=\"\" -DPACKAGE_TARNAME=\"\" -DPACKAGE_VERSION=\"\" -DPACKAGE_STRING=\"\" -DPACKAGE_BUGREPORT=\"\" -DPACKAGE_URL=\"\" -DPACKAGE=\"xmlrpc-c\" -DVERSION=\"x.xx\" -DSTDC_HEADERS=1 -DHAVE_SYS_TYPES_H=1 -DHAVE_SYS_STAT_H=1 -DHAVE_STDLIB_H=1 -DHAVE_STRING_H=1 -DHAVE_MEMORY_H=1 -DHAVE_STRINGS_H=1 -DHAVE_INTTYPES_H=1 -DHAVE_STDINT_H=1 -DHAVE_UNISTD_H=1 -DHAVE_WCHAR_H=1 -DHAVE_STDARG_H=1 -DHAVE_WCSNCMP=1 -DHAVE_SETENV=1 -DHAVE_STRTOLL=1 -DHAVE_STRTOULL=1 -DHAVE__STRTOUI64=1 -DHAVE_GETTIMEOFDAY=1 -DHAVE_STRCASECMP=1 -DHAVE_STRICMP=1 -DHAVE__STRICMP=1'
DIRECTORY_SEPARATOR='\\'
ECHO_C=''
ECHO_N='-n'
ECHO_T=''
EGREP='/usr/bin/grep -E'
ENABLE_ABYSS_SERVER='yes'
ENABLE_ABYSS_THREADS='yes'
ENABLE_CGI_SERVER='yes'
ENABLE_CPLUSPLUS='yes'
ENABLE_LIBXML2_BACKEND='no'
EXEEXT='.exe'
FEATURE_LIST='c++ abyss-server '
GREP='/usr/bin/grep'
HAVE_ABYSS_OPENSSL_DEFINE='0'
HAVE_ASPRINTF_DEFINE='0'
HAVE_GETTIMEOFDAY_DEFINE='1'
HAVE_GMTIME_R_DEFINE='0'
HAVE_LIBWWW_SSL_DEFINE='0'
HAVE_LOCALTIME_R_DEFINE='0'
HAVE_PSELECT_DEFINE='0'
HAVE_SETENV_DEFINE='1'
HAVE_SETGROUPS_DEFINE='0'
HAVE_STRCASECMP_DEFINE='1'
HAVE_STRICMP_DEFINE='1'
HAVE_STRTOLL_DEFINE='1'
HAVE_STRTOQ_DEFINE='0'
HAVE_STRTOULL_DEFINE='1'
HAVE_STRTOUQ_DEFINE='0'
HAVE_SYS_FILIO_H_DEFINE='0'
HAVE_SYS_IOCTL_H_DEFINE='0'
HAVE_SYS_SELECT_H_DEFINE='0'
HAVE_WCHAR_H_DEFINE='1'
HAVE_WCSNCMP_DEFINE='1'
HAVE__STRICMP_DEFINE='1'
HAVE__STRTOUI64_DEFINE='1'
HAVE___STRTOLL_DEFINE='0'
HAVE___STRTOULL_DEFINE='0'
INSTALL_DATA='${INSTALL} -m 644'
INSTALL_PROGRAM='${INSTALL}'
INSTALL_SCRIPT='${INSTALL}'
LDFLAGS=''
LIBOBJS=''
LIBS=''
LIBWWW_CONFIG=''
LIBWWW_LDADD=''
LIBWWW_LIBDIR=''
LIBXMLRPC_CPP_A='libxmlrpc_cpp.a'
LSOCKET=''
LTLIBOBJS=''
MAKEINFO='/c/Users/mario/Documents/UNCuyo/Por Cursar/POO/Proyecto Libre/prog/Tan-K/Cliente/xmlrpc-1.51.08/missing makeinfo'
MUST_BUILD_ABYSS_OPENSSL='no'
MUST_BUILD_CURL_CLIENT='no'
MUST_BUILD_LIBWWW_CLIENT='no'
MUST_BUILD_WININET_CLIENT='no'
OBJEXT='o'
OPENSSL_CFLAGS=''
OPENSSL_LDADD=''
PACKAGE='xmlrpc-c'
PACKAGE_BUGREPORT=''
PACKAGE_NAME=''
PACKAGE_STRING=''
PACKAGE_TARNAME=''
PACKAGE_URL=''
PACKAGE_VERSION=''
PATH_SEPARATOR=':'
QUERY_MEERKAT='query-meerkat'
RANLIB='ranlib'
SERVER='server'
SERVERTEST='servertest'
SET_MAKE='MAKE=make'
SHELL='/bin/sh'
SYNCH_CLIENT='synch_client'
VALIDATEE='validatee'
VA_LIST_IS_ARRAY_DEFINE='0'
VERSION='x.xx'
WININET_CFLAGS=''
WININET_CONFIG=''
WININET_LDADD=''
WININET_LIBDIR=''
XMLRPCCPP_H='XmlRpcCpp.h'
XMLRPC_ABYSS_H='xmlrpc_abyss.h'
XMLRPC_CLIENT_H='xmlrpc_client.h'
XMLRPC_TRANSPORT_H='xmlrpc_transport.h'
XML_RPC_API2CPP_SUBDIR=''
ac_ct_CC='gcc'
ac_ct_CXX='g++'
bindir='${exec_prefix}/bin'
build='x86_64-pc-mingw32'
build_alias=''
build_cpu='x86_64'
build_os='mingw32'
build_vendor='pc'
datadir='${datarootdir}'
datarootdir='${prefix}/share'
docdir='${datarootdir}/doc/${PACKAGE}'
dvidir='${docdir}'
exec_prefix='${prefix}'
have_curl_config='no'
have_libwww_config='no'
have_wininet_config='no'
have_xml2_config=''
host='x86_64-pc-mingw32'
host_alias=''
host_cpu='x86_64'
host_os='mingw32'
host_vendor='pc'
htmldir='${docdir}'
includedir='${prefix}/include'
infodir='${datarootdir}/info'
libdir='${exec_prefix}/lib'
libexecdir='${exec_prefix}/libexec'
localedir='${datarootdir}/locale'
localstatedir='${prefix}/var'
mandir='${datarootdir}/man'
oldincludedir='/usr/include'
pdfdir='${docdir}'
prefix='/usr/local'
program_transform_name='s,x,x,'
psdir='${docdir}'
sbindir='${exec_prefix}/sbin'
sharedstatedir='${prefix}/com'
sysconfdir='${prefix}/etc'
target_alias=''

## ----------- ##
## confdefs.h. ##
## ----------- ##

/* confdefs.h */
#define PACKAGE_NAME ""
#define PACKAGE_TARNAME ""
#define PACKAGE_VERSION ""
#define PACKAGE_STRING ""
#define PACKAGE_BUGREPORT ""
#define PACKAGE_URL ""
#define PACKAGE "xmlrpc-c"
#define VERSION "x.xx"
#define STDC_HEADERS 1
#define HAVE_SYS_TYPES_H 1
#define HAVE_SYS_STAT_H 1
#define HAVE_STDLIB_H 1
#define HAVE_STRING_H 1
#define HAVE_MEMORY_H 1
#define HAVE_STRINGS_H 1
#define HAVE_INTTYPES_H 1
#define HAVE_STDINT_H 1
#define HAVE_UNISTD_H 1
#define HAVE_WCHAR_H 1
#define HAVE_STDARG_H 1
#define HAVE_WCSNCMP 1
#define HAVE_SETENV 1
#define HAVE_STRTOLL 1
#define HAVE_STRTOULL 1
#define HAVE__STRTOUI64 1
#define HAVE_GETTIMEOFDAY 1
#define HAVE_STRCASECMP 1
#define HAVE_STRICMP 1
#define HAVE__STRICMP 1

configure: exit 0
